2022-04-08 01:05:26,764 INFO (StartupInfoLogger.java:50)- Starting MediaJarApplication on ccs-MacBook-Pro.local with PID 2113 (/Users/cc/Documents/bag_detection/Bag_System/tianci-ai-media/target/classes started by cc in /Users/cc/Documents/bag_detection/Bag_System)
2022-04-08 01:05:26,772 INFO (SpringApplication.java:679)- The following profiles are active: test
2022-04-08 01:05:28,246 INFO (RepositoryConfigurationDelegate.java:244)- Multiple Spring Data modules found, entering strict repository configuration mode!
2022-04-08 01:05:28,246 INFO (RepositoryConfigurationDelegate.java:126)- Bootstrapping Spring Data repositories in DEFAULT mode.
2022-04-08 01:05:28,326 INFO (RepositoryConfigurationExtensionSupport.java:363)- Spring Data JPA - Could not safely identify store assignment for repository candidate interface com.tianci.media.dao.MediaSystemRepository.
2022-04-08 01:05:28,327 INFO (RepositoryConfigurationDelegate.java:182)- Finished Spring Data repository scanning in 61ms. Found 0 repository interfaces.
2022-04-08 01:05:28,357 INFO (RepositoryConfigurationDelegate.java:244)- Multiple Spring Data modules found, entering strict repository configuration mode!
2022-04-08 01:05:28,357 INFO (RepositoryConfigurationDelegate.java:126)- Bootstrapping Spring Data repositories in DEFAULT mode.
2022-04-08 01:05:28,398 INFO (RepositoryConfigurationDelegate.java:182)- Finished Spring Data repository scanning in 41ms. Found 1 repository interfaces.
2022-04-08 01:05:28,414 INFO (RepositoryConfigurationDelegate.java:244)- Multiple Spring Data modules found, entering strict repository configuration mode!
2022-04-08 01:05:28,416 INFO (RepositoryConfigurationDelegate.java:126)- Bootstrapping Spring Data repositories in DEFAULT mode.
2022-04-08 01:05:28,430 INFO (RepositoryConfigurationExtensionSupport.java:363)- Spring Data Redis - Could not safely identify store assignment for repository candidate interface com.tianci.media.dao.MediaSystemRepository.
2022-04-08 01:05:28,431 INFO (RepositoryConfigurationDelegate.java:182)- Finished Spring Data repository scanning in 5ms. Found 0 repository interfaces.
2022-04-08 01:05:28,970 INFO (PostProcessorRegistrationDelegate.java:330)- Bean 'org.springframework.transaction.annotation.ProxyTransactionManagementConfiguration' of type [org.springframework.transaction.annotation.ProxyTransactionManagementConfiguration$$EnhancerBySpringCGLIB$$4b73dab5] is not eligible for getting processed by all BeanPostProcessors (for example: not eligible for auto-proxying)
2022-04-08 01:05:29,605 INFO (TomcatWebServer.java:90)- Tomcat initialized with port(s): 9006 (http)
2022-04-08 01:05:29,626 INFO (DirectJDKLog.java:173)- Initializing ProtocolHandler ["http-nio-9006"]
2022-04-08 01:05:29,643 INFO (DirectJDKLog.java:173)- Starting service [Tomcat]
2022-04-08 01:05:29,643 INFO (DirectJDKLog.java:173)- Starting Servlet engine: [Apache Tomcat/9.0.19]
2022-04-08 01:05:29,797 INFO (DirectJDKLog.java:173)- Initializing Spring embedded WebApplicationContext
2022-04-08 01:05:29,798 INFO (ServletWebServerApplicationContext.java:296)- Root WebApplicationContext: initialization completed in 2963 ms
2022-04-08 01:05:30,326 INFO (HikariDataSource.java:110)- HikariPool-1 - Starting...
2022-04-08 01:05:30,559 INFO (HikariDataSource.java:123)- HikariPool-1 - Start completed.
2022-04-08 01:05:30,627 INFO (LogHelper.java:31)- HHH000204: Processing PersistenceUnitInfo [
	name: default
	...]
2022-04-08 01:05:30,712 INFO (Version.java:46)- HHH000412: Hibernate Core {5.3.10.Final}
2022-04-08 01:05:30,715 INFO (Environment.java:213)- HHH000206: hibernate.properties not found
2022-04-08 01:05:30,867 INFO (JavaReflectionManager.java:49)- HCANN000001: Hibernate Commons Annotations {5.0.4.Final}
2022-04-08 01:05:31,028 INFO (Dialect.java:157)- HHH000400: Using dialect: org.hibernate.dialect.MySQL5Dialect
2022-04-08 01:05:31,243 INFO (AbstractEntityManagerFactoryBean.java:415)- Initialized JPA EntityManagerFactory for persistence unit 'default'
2022-04-08 01:05:36,743 INFO (SLF4JLogger.java:71)- Cluster created with settings {hosts=[10.0.0.134:27017], mode=SINGLE, requiredClusterType=UNKNOWN, serverSelectionTimeout='30000 ms', maxWaitQueueSize=500}
2022-04-08 01:05:37,439 WARN (JpaBaseConfiguration.java:237)- spring.jpa.open-in-view is enabled by default. Therefore, database queries may be performed during view rendering. Explicitly configure spring.jpa.open-in-view to disable this warning
2022-04-08 01:05:37,604 INFO (PropertySourcedRequestMappingHandlerMapping.java:69)- Mapped URL path [/v2/api-docs] onto method [public org.springframework.http.ResponseEntity<springfox.documentation.spring.web.json.Json> springfox.documentation.swagger2.web.Swagger2Controller.getDocumentation(java.lang.String,javax.servlet.http.HttpServletRequest)]
2022-04-08 01:05:38,363 INFO (ExecutorConfigurationSupport.java:171)- Initializing ExecutorService 'applicationTaskExecutor'
2022-04-08 01:05:38,878 INFO (DocumentationPluginsBootstrapper.java:147)- Context refreshed
2022-04-08 01:05:38,899 INFO (DocumentationPluginsBootstrapper.java:150)- Found 1 custom documentation plugin(s)
2022-04-08 01:05:38,952 INFO (ApiListingReferenceScanner.java:41)- Scanning for api listing references
2022-04-08 01:05:39,167 INFO (DirectJDKLog.java:173)- Starting ProtocolHandler ["http-nio-9006"]
2022-04-08 01:05:39,207 INFO (TomcatWebServer.java:204)- Tomcat started on port(s): 9006 (http) with context path ''
2022-04-08 01:05:39,211 INFO (StartupInfoLogger.java:59)- Started MediaJarApplication in 33.054 seconds (JVM running for 39.703)
2022-04-08 01:05:56,801 INFO (SLF4JLogger.java:76)- Exception in monitor thread while connecting to server 10.0.0.134:27017
com.mongodb.MongoSocketOpenException: Exception opening socket
	at com.mongodb.internal.connection.SocketStream.open(SocketStream.java:67)
	at com.mongodb.internal.connection.InternalStreamConnection.open(InternalStreamConnection.java:126)
	at com.mongodb.internal.connection.DefaultServerMonitor$ServerMonitorRunnable.run(DefaultServerMonitor.java:117)
	at java.lang.Thread.run(Thread.java:750)
Caused by: java.net.SocketTimeoutException: connect timed out
	at java.net.PlainSocketImpl.socketConnect(Native Method)
	at java.net.AbstractPlainSocketImpl.doConnect(AbstractPlainSocketImpl.java:476)
	at java.net.AbstractPlainSocketImpl.connectToAddress(AbstractPlainSocketImpl.java:218)
	at java.net.AbstractPlainSocketImpl.connect(AbstractPlainSocketImpl.java:200)
	at java.net.SocksSocketImpl.connect(SocksSocketImpl.java:394)
	at java.net.Socket.connect(Socket.java:606)
	at com.mongodb.internal.connection.SocketStreamHelper.initialize(SocketStreamHelper.java:64)
	at com.mongodb.internal.connection.SocketStream.open(SocketStream.java:62)
	... 3 common frames omitted
2022-04-08 01:19:56,086 WARN (HikariPool.java:766)- HikariPool-1 - Thread starvation or clock leap detected (housekeeper delta=3m55s202ms).
2022-04-08 01:29:46,510 WARN (HikariPool.java:766)- HikariPool-1 - Thread starvation or clock leap detected (housekeeper delta=7m49s980ms).
2022-04-08 01:43:52,211 INFO (SLF4JLogger.java:71)- Opened connection [connectionId{localValue:60, serverValue:2}] to 10.0.0.134:27017
2022-04-08 01:43:52,239 INFO (SLF4JLogger.java:71)- Monitor thread successfully connected to server with description ServerDescription{address=10.0.0.134:27017, type=STANDALONE, state=CONNECTED, ok=true, version=ServerVersion{versionList=[5, 0, 6]}, minWireVersion=0, maxWireVersion=13, maxDocumentSize=16777216, logicalSessionTimeoutMinutes=30, roundTripTimeNanos=14391793}
2022-04-08 03:06:20,780 INFO (ExecutorConfigurationSupport.java:208)- Shutting down ExecutorService 'applicationTaskExecutor'
2022-04-08 03:06:21,605 INFO (AbstractEntityManagerFactoryBean.java:597)- Closing JPA EntityManagerFactory for persistence unit 'default'
2022-04-08 03:06:21,830 INFO (HikariDataSource.java:350)- HikariPool-1 - Shutdown initiated...
2022-04-08 03:06:21,899 INFO (HikariDataSource.java:352)- HikariPool-1 - Shutdown completed.
2022-04-08 12:29:59,738 INFO (StartupInfoLogger.java:50)- Starting MediaJarApplication on ccs-MacBook-Pro.local with PID 3171 (/Users/cc/Documents/bag_detection/Bag_System/tianci-ai-media/target/classes started by cc in /Users/cc/Documents/bag_detection/Bag_System)
2022-04-08 12:29:59,742 INFO (SpringApplication.java:679)- The following profiles are active: test
2022-04-08 12:30:00,794 INFO (RepositoryConfigurationDelegate.java:244)- Multiple Spring Data modules found, entering strict repository configuration mode!
2022-04-08 12:30:00,795 INFO (RepositoryConfigurationDelegate.java:126)- Bootstrapping Spring Data repositories in DEFAULT mode.
2022-04-08 12:30:00,848 INFO (RepositoryConfigurationExtensionSupport.java:363)- Spring Data JPA - Could not safely identify store assignment for repository candidate interface com.tianci.media.dao.MediaSystemRepository.
2022-04-08 12:30:00,849 INFO (RepositoryConfigurationDelegate.java:182)- Finished Spring Data repository scanning in 44ms. Found 0 repository interfaces.
2022-04-08 12:30:00,869 INFO (RepositoryConfigurationDelegate.java:244)- Multiple Spring Data modules found, entering strict repository configuration mode!
2022-04-08 12:30:00,870 INFO (RepositoryConfigurationDelegate.java:126)- Bootstrapping Spring Data repositories in DEFAULT mode.
2022-04-08 12:30:00,901 INFO (RepositoryConfigurationDelegate.java:182)- Finished Spring Data repository scanning in 31ms. Found 1 repository interfaces.
2022-04-08 12:30:00,911 INFO (RepositoryConfigurationDelegate.java:244)- Multiple Spring Data modules found, entering strict repository configuration mode!
2022-04-08 12:30:00,912 INFO (RepositoryConfigurationDelegate.java:126)- Bootstrapping Spring Data repositories in DEFAULT mode.
2022-04-08 12:30:00,927 INFO (RepositoryConfigurationExtensionSupport.java:363)- Spring Data Redis - Could not safely identify store assignment for repository candidate interface com.tianci.media.dao.MediaSystemRepository.
2022-04-08 12:30:00,927 INFO (RepositoryConfigurationDelegate.java:182)- Finished Spring Data repository scanning in 7ms. Found 0 repository interfaces.
2022-04-08 12:30:01,509 INFO (PostProcessorRegistrationDelegate.java:330)- Bean 'org.springframework.transaction.annotation.ProxyTransactionManagementConfiguration' of type [org.springframework.transaction.annotation.ProxyTransactionManagementConfiguration$$EnhancerBySpringCGLIB$$373d1eed] is not eligible for getting processed by all BeanPostProcessors (for example: not eligible for auto-proxying)
2022-04-08 12:30:02,138 INFO (TomcatWebServer.java:90)- Tomcat initialized with port(s): 9006 (http)
2022-04-08 12:30:02,152 INFO (DirectJDKLog.java:173)- Initializing ProtocolHandler ["http-nio-9006"]
2022-04-08 12:30:02,166 INFO (DirectJDKLog.java:173)- Starting service [Tomcat]
2022-04-08 12:30:02,166 INFO (DirectJDKLog.java:173)- Starting Servlet engine: [Apache Tomcat/9.0.19]
2022-04-08 12:30:02,298 INFO (DirectJDKLog.java:173)- Initializing Spring embedded WebApplicationContext
2022-04-08 12:30:02,299 INFO (ServletWebServerApplicationContext.java:296)- Root WebApplicationContext: initialization completed in 2519 ms
2022-04-08 12:30:02,689 INFO (HikariDataSource.java:110)- HikariPool-1 - Starting...
2022-04-08 12:30:02,893 INFO (HikariDataSource.java:123)- HikariPool-1 - Start completed.
2022-04-08 12:30:02,953 INFO (LogHelper.java:31)- HHH000204: Processing PersistenceUnitInfo [
	name: default
	...]
2022-04-08 12:30:03,017 INFO (Version.java:46)- HHH000412: Hibernate Core {5.3.10.Final}
2022-04-08 12:30:03,019 INFO (Environment.java:213)- HHH000206: hibernate.properties not found
2022-04-08 12:30:03,199 INFO (JavaReflectionManager.java:49)- HCANN000001: Hibernate Commons Annotations {5.0.4.Final}
2022-04-08 12:30:03,349 INFO (Dialect.java:157)- HHH000400: Using dialect: org.hibernate.dialect.MySQL5Dialect
2022-04-08 12:30:03,562 INFO (AbstractEntityManagerFactoryBean.java:415)- Initialized JPA EntityManagerFactory for persistence unit 'default'
2022-04-08 12:30:09,026 INFO (SLF4JLogger.java:71)- Cluster created with settings {hosts=[10.0.0.134:27017], mode=SINGLE, requiredClusterType=UNKNOWN, serverSelectionTimeout='30000 ms', maxWaitQueueSize=500}
2022-04-08 12:30:09,109 INFO (SLF4JLogger.java:71)- Opened connection [connectionId{localValue:1, serverValue:9}] to 10.0.0.134:27017
2022-04-08 12:30:09,119 INFO (SLF4JLogger.java:71)- Monitor thread successfully connected to server with description ServerDescription{address=10.0.0.134:27017, type=STANDALONE, state=CONNECTED, ok=true, version=ServerVersion{versionList=[5, 0, 6]}, minWireVersion=0, maxWireVersion=13, maxDocumentSize=16777216, logicalSessionTimeoutMinutes=30, roundTripTimeNanos=4954823}
2022-04-08 12:30:10,097 WARN (JpaBaseConfiguration.java:237)- spring.jpa.open-in-view is enabled by default. Therefore, database queries may be performed during view rendering. Explicitly configure spring.jpa.open-in-view to disable this warning
2022-04-08 12:30:10,399 INFO (PropertySourcedRequestMappingHandlerMapping.java:69)- Mapped URL path [/v2/api-docs] onto method [public org.springframework.http.ResponseEntity<springfox.documentation.spring.web.json.Json> springfox.documentation.swagger2.web.Swagger2Controller.getDocumentation(java.lang.String,javax.servlet.http.HttpServletRequest)]
2022-04-08 12:30:11,484 INFO (ExecutorConfigurationSupport.java:171)- Initializing ExecutorService 'applicationTaskExecutor'
2022-04-08 12:30:12,473 INFO (DocumentationPluginsBootstrapper.java:147)- Context refreshed
2022-04-08 12:30:12,506 INFO (DocumentationPluginsBootstrapper.java:150)- Found 1 custom documentation plugin(s)
2022-04-08 12:30:12,567 INFO (ApiListingReferenceScanner.java:41)- Scanning for api listing references
2022-04-08 12:30:12,858 INFO (DirectJDKLog.java:173)- Starting ProtocolHandler ["http-nio-9006"]
2022-04-08 12:30:12,934 INFO (TomcatWebServer.java:204)- Tomcat started on port(s): 9006 (http) with context path ''
2022-04-08 12:30:12,941 INFO (StartupInfoLogger.java:59)- Started MediaJarApplication in 33.98 seconds (JVM running for 40.942)
2022-04-08 12:35:48,950 WARN (HikariPool.java:766)- HikariPool-1 - Thread starvation or clock leap detected (housekeeper delta=3m15s930ms).
2022-04-08 12:35:49,169 INFO (DirectJDKLog.java:173)- Initializing Spring DispatcherServlet 'dispatcherServlet'
2022-04-08 12:35:49,170 INFO (FrameworkServlet.java:524)- Initializing Servlet 'dispatcherServlet'
2022-04-08 12:35:49,209 INFO (FrameworkServlet.java:546)- Completed initialization in 39 ms
2022-04-08 12:35:53,147 INFO (SLF4JLogger.java:71)- Opened connection [connectionId{localValue:2, serverValue:11}] to 10.0.0.134:27017
2022-04-08 12:35:56,973 INFO (SLF4JLogger.java:71)- Opened connection [connectionId{localValue:3, serverValue:12}] to 10.0.0.134:27017
2022-04-08 12:40:40,473 ERROR (TrackerConnectionManager.java:54)- Unable to borrow buffer from pool
com.luhuiguo.fastdfs.exception.FdfsUnavailableException: 无法获取服务端连接资源：找不到可用的tracker /10.0.0.134:22122,
	at com.luhuiguo.fastdfs.domain.TrackerLocator.getTrackerAddress(TrackerLocator.java:103)
	at com.luhuiguo.fastdfs.conn.TrackerConnectionManager.executeFdfsTrackerCmd(TrackerConnectionManager.java:46)
	at com.luhuiguo.fastdfs.service.DefaultTrackerClient.getStoreStorage(DefaultTrackerClient.java:39)
	at com.luhuiguo.fastdfs.service.DefaultFastFileStorageClient.uploadFile(DefaultFastFileStorageClient.java:40)
	at com.luhuiguo.fastdfs.service.DefaultFastFileStorageClient.uploadFile(DefaultFastFileStorageClient.java:96)
	at com.tianci.common.fastdfs.FastdfsClient.uploadFile(FastdfsClient.java:45)
	at com.tianci.media.service.impl.ImageServiceImpl.uploadImage(ImageServiceImpl.java:65)
	at com.tianci.media.controller.MediaController.upload(MediaController.java:32)
	at com.tianci.media.controller.MediaController$$FastClassBySpringCGLIB$$8467a0f1.invoke(<generated>)
	at org.springframework.cglib.proxy.MethodProxy.invoke(MethodProxy.java:218)
	at org.springframework.aop.framework.CglibAopProxy$CglibMethodInvocation.invokeJoinpoint(CglibAopProxy.java:749)
	at org.springframework.aop.framework.ReflectiveMethodInvocation.proceed(ReflectiveMethodInvocation.java:163)
	at org.springframework.aop.interceptor.ExposeInvocationInterceptor.invoke(ExposeInvocationInterceptor.java:93)
	at org.springframework.aop.framework.ReflectiveMethodInvocation.proceed(ReflectiveMethodInvocation.java:186)
	at org.springframework.aop.framework.CglibAopProxy$DynamicAdvisedInterceptor.intercept(CglibAopProxy.java:688)
	at com.tianci.media.controller.MediaController$$EnhancerBySpringCGLIB$$7f097367.upload(<generated>)
	at sun.reflect.NativeMethodAccessorImpl.invoke0(Native Method)
	at sun.reflect.NativeMethodAccessorImpl.invoke(NativeMethodAccessorImpl.java:62)
	at sun.reflect.DelegatingMethodAccessorImpl.invoke(DelegatingMethodAccessorImpl.java:43)
	at java.lang.reflect.Method.invoke(Method.java:498)
	at org.springframework.web.method.support.InvocableHandlerMethod.doInvoke(InvocableHandlerMethod.java:190)
	at org.springframework.web.method.support.InvocableHandlerMethod.invokeForRequest(InvocableHandlerMethod.java:138)
	at org.springframework.web.servlet.mvc.method.annotation.ServletInvocableHandlerMethod.invokeAndHandle(ServletInvocableHandlerMethod.java:104)
	at org.springframework.web.servlet.mvc.method.annotation.RequestMappingHandlerAdapter.invokeHandlerMethod(RequestMappingHandlerAdapter.java:892)
	at org.springframework.web.servlet.mvc.method.annotation.RequestMappingHandlerAdapter.handleInternal(RequestMappingHandlerAdapter.java:797)
	at org.springframework.web.servlet.mvc.method.AbstractHandlerMethodAdapter.handle(AbstractHandlerMethodAdapter.java:87)
	at org.springframework.web.servlet.DispatcherServlet.doDispatch(DispatcherServlet.java:1039)
	at org.springframework.web.servlet.DispatcherServlet.doService(DispatcherServlet.java:942)
	at org.springframework.web.servlet.FrameworkServlet.processRequest(FrameworkServlet.java:1005)
	at org.springframework.web.servlet.FrameworkServlet.doPost(FrameworkServlet.java:908)
	at javax.servlet.http.HttpServlet.service(HttpServlet.java:660)
	at org.springframework.web.servlet.FrameworkServlet.service(FrameworkServlet.java:882)
	at javax.servlet.http.HttpServlet.service(HttpServlet.java:741)
	at org.apache.catalina.core.ApplicationFilterChain.internalDoFilter(ApplicationFilterChain.java:231)
	at org.apache.catalina.core.ApplicationFilterChain.doFilter(ApplicationFilterChain.java:166)
	at org.apache.tomcat.websocket.server.WsFilter.doFilter(WsFilter.java:53)
	at org.apache.catalina.core.ApplicationFilterChain.internalDoFilter(ApplicationFilterChain.java:193)
	at org.apache.catalina.core.ApplicationFilterChain.doFilter(ApplicationFilterChain.java:166)
	at com.tianci.common.web.app.security.AppTokenFilter.doFilter(AppTokenFilter.java:38)
	at org.apache.catalina.core.ApplicationFilterChain.internalDoFilter(ApplicationFilterChain.java:193)
	at org.apache.catalina.core.ApplicationFilterChain.doFilter(ApplicationFilterChain.java:166)
	at org.springframework.web.filter.RequestContextFilter.doFilterInternal(RequestContextFilter.java:99)
	at org.springframework.web.filter.OncePerRequestFilter.doFilter(OncePerRequestFilter.java:107)
	at org.apache.catalina.core.ApplicationFilterChain.internalDoFilter(ApplicationFilterChain.java:193)
	at org.apache.catalina.core.ApplicationFilterChain.doFilter(ApplicationFilterChain.java:166)
	at org.springframework.web.filter.FormContentFilter.doFilterInternal(FormContentFilter.java:92)
	at org.springframework.web.filter.OncePerRequestFilter.doFilter(OncePerRequestFilter.java:107)
	at org.apache.catalina.core.ApplicationFilterChain.internalDoFilter(ApplicationFilterChain.java:193)
	at org.apache.catalina.core.ApplicationFilterChain.doFilter(ApplicationFilterChain.java:166)
	at org.springframework.web.filter.HiddenHttpMethodFilter.doFilterInternal(HiddenHttpMethodFilter.java:93)
	at org.springframework.web.filter.OncePerRequestFilter.doFilter(OncePerRequestFilter.java:107)
	at org.apache.catalina.core.ApplicationFilterChain.internalDoFilter(ApplicationFilterChain.java:193)
	at org.apache.catalina.core.ApplicationFilterChain.doFilter(ApplicationFilterChain.java:166)
	at org.springframework.web.filter.CharacterEncodingFilter.doFilterInternal(CharacterEncodingFilter.java:200)
	at org.springframework.web.filter.OncePerRequestFilter.doFilter(OncePerRequestFilter.java:107)
	at org.apache.catalina.core.ApplicationFilterChain.internalDoFilter(ApplicationFilterChain.java:193)
	at org.apache.catalina.core.ApplicationFilterChain.doFilter(ApplicationFilterChain.java:166)
	at org.apache.catalina.core.StandardWrapperValve.invoke(StandardWrapperValve.java:200)
	at org.apache.catalina.core.StandardContextValve.invoke(StandardContextValve.java:96)
	at org.apache.catalina.authenticator.AuthenticatorBase.invoke(AuthenticatorBase.java:490)
	at org.apache.catalina.core.StandardHostValve.invoke(StandardHostValve.java:139)
	at org.apache.catalina.valves.ErrorReportValve.invoke(ErrorReportValve.java:92)
	at org.apache.catalina.core.StandardEngineValve.invoke(StandardEngineValve.java:74)
	at org.apache.catalina.connector.CoyoteAdapter.service(CoyoteAdapter.java:343)
	at org.apache.coyote.http11.Http11Processor.service(Http11Processor.java:408)
	at org.apache.coyote.AbstractProcessorLight.process(AbstractProcessorLight.java:66)
	at org.apache.coyote.AbstractProtocol$ConnectionHandler.process(AbstractProtocol.java:836)
	at org.apache.tomcat.util.net.NioEndpoint$SocketProcessor.doRun(NioEndpoint.java:1747)
	at org.apache.tomcat.util.net.SocketProcessorBase.run(SocketProcessorBase.java:49)
	at java.util.concurrent.ThreadPoolExecutor.runWorker(ThreadPoolExecutor.java:1149)
	at java.util.concurrent.ThreadPoolExecutor$Worker.run(ThreadPoolExecutor.java:624)
	at org.apache.tomcat.util.threads.TaskThread$WrappingRunnable.run(TaskThread.java:61)
	at java.lang.Thread.run(Thread.java:750)
2022-04-08 12:40:40,509 INFO (SLF4JLogger.java:71)- Closed connection [connectionId{localValue:2, serverValue:11}] to 10.0.0.134:27017 because there was a socket exception raised on another connection from this pool.
2022-04-08 12:40:40,523 INFO (SLF4JLogger.java:71)- Opened connection [connectionId{localValue:4, serverValue:14}] to 10.0.0.134:27017
2022-04-08 12:44:09,052 ERROR (TrackerConnectionManager.java:54)- Unable to borrow buffer from pool
com.luhuiguo.fastdfs.exception.FdfsUnavailableException: 无法获取服务端连接资源：找不到可用的tracker /10.0.0.134:22122,
	at com.luhuiguo.fastdfs.domain.TrackerLocator.getTrackerAddress(TrackerLocator.java:103)
	at com.luhuiguo.fastdfs.conn.TrackerConnectionManager.executeFdfsTrackerCmd(TrackerConnectionManager.java:46)
	at com.luhuiguo.fastdfs.service.DefaultTrackerClient.getStoreStorage(DefaultTrackerClient.java:39)
	at com.luhuiguo.fastdfs.service.DefaultFastFileStorageClient.uploadFile(DefaultFastFileStorageClient.java:40)
	at com.luhuiguo.fastdfs.service.DefaultFastFileStorageClient.uploadFile(DefaultFastFileStorageClient.java:96)
	at com.tianci.common.fastdfs.FastdfsClient.uploadFile(FastdfsClient.java:45)
	at com.tianci.media.service.impl.ImageServiceImpl.uploadImage(ImageServiceImpl.java:65)
	at com.tianci.media.controller.MediaController.upload(MediaController.java:32)
	at com.tianci.media.controller.MediaController$$FastClassBySpringCGLIB$$8467a0f1.invoke(<generated>)
	at org.springframework.cglib.proxy.MethodProxy.invoke(MethodProxy.java:218)
	at org.springframework.aop.framework.CglibAopProxy$CglibMethodInvocation.invokeJoinpoint(CglibAopProxy.java:749)
	at org.springframework.aop.framework.ReflectiveMethodInvocation.proceed(ReflectiveMethodInvocation.java:163)
	at org.springframework.aop.interceptor.ExposeInvocationInterceptor.invoke(ExposeInvocationInterceptor.java:93)
	at org.springframework.aop.framework.ReflectiveMethodInvocation.proceed(ReflectiveMethodInvocation.java:186)
	at org.springframework.aop.framework.CglibAopProxy$DynamicAdvisedInterceptor.intercept(CglibAopProxy.java:688)
	at com.tianci.media.controller.MediaController$$EnhancerBySpringCGLIB$$7f097367.upload(<generated>)
	at sun.reflect.NativeMethodAccessorImpl.invoke0(Native Method)
	at sun.reflect.NativeMethodAccessorImpl.invoke(NativeMethodAccessorImpl.java:62)
	at sun.reflect.DelegatingMethodAccessorImpl.invoke(DelegatingMethodAccessorImpl.java:43)
	at java.lang.reflect.Method.invoke(Method.java:498)
	at org.springframework.web.method.support.InvocableHandlerMethod.doInvoke(InvocableHandlerMethod.java:190)
	at org.springframework.web.method.support.InvocableHandlerMethod.invokeForRequest(InvocableHandlerMethod.java:138)
	at org.springframework.web.servlet.mvc.method.annotation.ServletInvocableHandlerMethod.invokeAndHandle(ServletInvocableHandlerMethod.java:104)
	at org.springframework.web.servlet.mvc.method.annotation.RequestMappingHandlerAdapter.invokeHandlerMethod(RequestMappingHandlerAdapter.java:892)
	at org.springframework.web.servlet.mvc.method.annotation.RequestMappingHandlerAdapter.handleInternal(RequestMappingHandlerAdapter.java:797)
	at org.springframework.web.servlet.mvc.method.AbstractHandlerMethodAdapter.handle(AbstractHandlerMethodAdapter.java:87)
	at org.springframework.web.servlet.DispatcherServlet.doDispatch(DispatcherServlet.java:1039)
	at org.springframework.web.servlet.DispatcherServlet.doService(DispatcherServlet.java:942)
	at org.springframework.web.servlet.FrameworkServlet.processRequest(FrameworkServlet.java:1005)
	at org.springframework.web.servlet.FrameworkServlet.doPost(FrameworkServlet.java:908)
	at javax.servlet.http.HttpServlet.service(HttpServlet.java:660)
	at org.springframework.web.servlet.FrameworkServlet.service(FrameworkServlet.java:882)
	at javax.servlet.http.HttpServlet.service(HttpServlet.java:741)
	at org.apache.catalina.core.ApplicationFilterChain.internalDoFilter(ApplicationFilterChain.java:231)
	at org.apache.catalina.core.ApplicationFilterChain.doFilter(ApplicationFilterChain.java:166)
	at org.apache.tomcat.websocket.server.WsFilter.doFilter(WsFilter.java:53)
	at org.apache.catalina.core.ApplicationFilterChain.internalDoFilter(ApplicationFilterChain.java:193)
	at org.apache.catalina.core.ApplicationFilterChain.doFilter(ApplicationFilterChain.java:166)
	at com.tianci.common.web.app.security.AppTokenFilter.doFilter(AppTokenFilter.java:38)
	at org.apache.catalina.core.ApplicationFilterChain.internalDoFilter(ApplicationFilterChain.java:193)
	at org.apache.catalina.core.ApplicationFilterChain.doFilter(ApplicationFilterChain.java:166)
	at org.springframework.web.filter.RequestContextFilter.doFilterInternal(RequestContextFilter.java:99)
	at org.springframework.web.filter.OncePerRequestFilter.doFilter(OncePerRequestFilter.java:107)
	at org.apache.catalina.core.ApplicationFilterChain.internalDoFilter(ApplicationFilterChain.java:193)
	at org.apache.catalina.core.ApplicationFilterChain.doFilter(ApplicationFilterChain.java:166)
	at org.springframework.web.filter.FormContentFilter.doFilterInternal(FormContentFilter.java:92)
	at org.springframework.web.filter.OncePerRequestFilter.doFilter(OncePerRequestFilter.java:107)
	at org.apache.catalina.core.ApplicationFilterChain.internalDoFilter(ApplicationFilterChain.java:193)
	at org.apache.catalina.core.ApplicationFilterChain.doFilter(ApplicationFilterChain.java:166)
	at org.springframework.web.filter.HiddenHttpMethodFilter.doFilterInternal(HiddenHttpMethodFilter.java:93)
	at org.springframework.web.filter.OncePerRequestFilter.doFilter(OncePerRequestFilter.java:107)
	at org.apache.catalina.core.ApplicationFilterChain.internalDoFilter(ApplicationFilterChain.java:193)
	at org.apache.catalina.core.ApplicationFilterChain.doFilter(ApplicationFilterChain.java:166)
	at org.springframework.web.filter.CharacterEncodingFilter.doFilterInternal(CharacterEncodingFilter.java:200)
	at org.springframework.web.filter.OncePerRequestFilter.doFilter(OncePerRequestFilter.java:107)
	at org.apache.catalina.core.ApplicationFilterChain.internalDoFilter(ApplicationFilterChain.java:193)
	at org.apache.catalina.core.ApplicationFilterChain.doFilter(ApplicationFilterChain.java:166)
	at org.apache.catalina.core.StandardWrapperValve.invoke(StandardWrapperValve.java:200)
	at org.apache.catalina.core.StandardContextValve.invoke(StandardContextValve.java:96)
	at org.apache.catalina.authenticator.AuthenticatorBase.invoke(AuthenticatorBase.java:490)
	at org.apache.catalina.core.StandardHostValve.invoke(StandardHostValve.java:139)
	at org.apache.catalina.valves.ErrorReportValve.invoke(ErrorReportValve.java:92)
	at org.apache.catalina.core.StandardEngineValve.invoke(StandardEngineValve.java:74)
	at org.apache.catalina.connector.CoyoteAdapter.service(CoyoteAdapter.java:343)
	at org.apache.coyote.http11.Http11Processor.service(Http11Processor.java:408)
	at org.apache.coyote.AbstractProcessorLight.process(AbstractProcessorLight.java:66)
	at org.apache.coyote.AbstractProtocol$ConnectionHandler.process(AbstractProtocol.java:836)
	at org.apache.tomcat.util.net.NioEndpoint$SocketProcessor.doRun(NioEndpoint.java:1747)
	at org.apache.tomcat.util.net.SocketProcessorBase.run(SocketProcessorBase.java:49)
	at java.util.concurrent.ThreadPoolExecutor.runWorker(ThreadPoolExecutor.java:1149)
	at java.util.concurrent.ThreadPoolExecutor$Worker.run(ThreadPoolExecutor.java:624)
	at org.apache.tomcat.util.threads.TaskThread$WrappingRunnable.run(TaskThread.java:61)
	at java.lang.Thread.run(Thread.java:750)
2022-04-08 12:49:37,822 INFO (SLF4JLogger.java:76)- Exception in monitor thread while connecting to server 10.0.0.134:27017
com.mongodb.MongoSocketOpenException: Exception opening socket
	at com.mongodb.internal.connection.SocketStream.open(SocketStream.java:67)
	at com.mongodb.internal.connection.InternalStreamConnection.open(InternalStreamConnection.java:126)
	at com.mongodb.internal.connection.DefaultServerMonitor$ServerMonitorRunnable.run(DefaultServerMonitor.java:131)
	at java.lang.Thread.run(Thread.java:750)
Caused by: java.net.ConnectException: Connection refused (Connection refused)
	at java.net.PlainSocketImpl.socketConnect(Native Method)
	at java.net.AbstractPlainSocketImpl.doConnect(AbstractPlainSocketImpl.java:476)
	at java.net.AbstractPlainSocketImpl.connectToAddress(AbstractPlainSocketImpl.java:218)
	at java.net.AbstractPlainSocketImpl.connect(AbstractPlainSocketImpl.java:200)
	at java.net.SocksSocketImpl.connect(SocksSocketImpl.java:394)
	at java.net.Socket.connect(Socket.java:606)
	at com.mongodb.internal.connection.SocketStreamHelper.initialize(SocketStreamHelper.java:64)
	at com.mongodb.internal.connection.SocketStream.open(SocketStream.java:62)
	... 3 common frames omitted
2022-04-08 13:02:07,726 WARN (HikariPool.java:766)- HikariPool-1 - Thread starvation or clock leap detected (housekeeper delta=10m16s944ms).
2022-04-08 13:02:35,681 INFO (SLF4JLogger.java:71)- Opened connection [connectionId{localValue:18, serverValue:2}] to 10.0.0.134:27017
2022-04-08 13:02:35,687 INFO (SLF4JLogger.java:71)- Monitor thread successfully connected to server with description ServerDescription{address=10.0.0.134:27017, type=STANDALONE, state=CONNECTED, ok=true, version=ServerVersion{versionList=[5, 0, 6]}, minWireVersion=0, maxWireVersion=13, maxDocumentSize=16777216, logicalSessionTimeoutMinutes=30, roundTripTimeNanos=2897630}
2022-04-08 13:12:49,818 INFO (SLF4JLogger.java:71)- Closed connection [connectionId{localValue:4, serverValue:14}] to 10.0.0.134:27017 because there was a socket exception raised on another connection from this pool.
2022-04-08 13:12:49,834 INFO (SLF4JLogger.java:71)- Opened connection [connectionId{localValue:19, serverValue:5}] to 10.0.0.134:27017
2022-04-08 13:12:52,861 INFO (ImageServiceImpl.java:115)- success{"predicted": "GG Marmont mini top handle bag"}
2022-04-08 13:15:57,320 INFO (ImageServiceImpl.java:115)- success{"predicted": "GG Marmont mini top handle bag"}
2022-04-08 13:31:45,666 WARN (HikariPool.java:766)- HikariPool-1 - Thread starvation or clock leap detected (housekeeper delta=12m7s336ms).
2022-04-08 13:31:47,463 INFO (SLF4JLogger.java:71)- Opened connection [connectionId{localValue:20, serverValue:8}] to 10.0.0.134:27017
2022-04-08 14:14:01,048 WARN (HikariPool.java:766)- HikariPool-1 - Thread starvation or clock leap detected (housekeeper delta=32m14s242ms).
2022-04-08 14:14:03,032 INFO (SLF4JLogger.java:71)- Opened connection [connectionId{localValue:21, serverValue:9}] to 10.0.0.134:27017
2022-04-08 14:19:09,413 WARN (HikariPool.java:766)- HikariPool-1 - Thread starvation or clock leap detected (housekeeper delta=1m8s198ms).
2022-04-08 14:19:12,307 INFO (SLF4JLogger.java:71)- Opened connection [connectionId{localValue:22, serverValue:13}] to 10.0.0.134:27017
2022-04-08 14:41:52,186 WARN (HikariPool.java:766)- HikariPool-1 - Thread starvation or clock leap detected (housekeeper delta=20m12s135ms).
2022-04-08 14:41:55,334 INFO (SLF4JLogger.java:71)- Opened connection [connectionId{localValue:23, serverValue:16}] to 10.0.0.134:27017
2022-04-08 14:42:57,179 INFO (SLF4JLogger.java:76)- Exception in monitor thread while connecting to server 10.0.0.134:27017
com.mongodb.MongoSocketOpenException: Exception opening socket
	at com.mongodb.internal.connection.SocketStream.open(SocketStream.java:67)
	at com.mongodb.internal.connection.InternalStreamConnection.open(InternalStreamConnection.java:126)
	at com.mongodb.internal.connection.DefaultServerMonitor$ServerMonitorRunnable.run(DefaultServerMonitor.java:131)
	at java.lang.Thread.run(Thread.java:750)
Caused by: java.net.SocketTimeoutException: connect timed out
	at java.net.PlainSocketImpl.socketConnect(Native Method)
	at java.net.AbstractPlainSocketImpl.doConnect(AbstractPlainSocketImpl.java:476)
	at java.net.AbstractPlainSocketImpl.connectToAddress(AbstractPlainSocketImpl.java:218)
	at java.net.AbstractPlainSocketImpl.connect(AbstractPlainSocketImpl.java:200)
	at java.net.SocksSocketImpl.connect(SocksSocketImpl.java:394)
	at java.net.Socket.connect(Socket.java:606)
	at com.mongodb.internal.connection.SocketStreamHelper.initialize(SocketStreamHelper.java:64)
	at com.mongodb.internal.connection.SocketStream.open(SocketStream.java:62)
	... 3 common frames omitted
2022-04-08 20:22:24,695 WARN (HikariPool.java:766)- HikariPool-1 - Thread starvation or clock leap detected (housekeeper delta=5h39m29s970ms).
2022-04-08 20:22:36,409 INFO (SLF4JLogger.java:71)- Opened connection [connectionId{localValue:26, serverValue:19}] to 10.0.0.134:27017
2022-04-08 20:22:36,415 INFO (SLF4JLogger.java:71)- Monitor thread successfully connected to server with description ServerDescription{address=10.0.0.134:27017, type=STANDALONE, state=CONNECTED, ok=true, version=ServerVersion{versionList=[5, 0, 6]}, minWireVersion=0, maxWireVersion=13, maxDocumentSize=16777216, logicalSessionTimeoutMinutes=30, roundTripTimeNanos=4117880}
2022-04-08 23:52:56,256 WARN (HikariPool.java:758)- HikariPool-1 - Retrograde clock change detected (housekeeper delta=29s851ms), soft-evicting connections from pool.
