2022-04-05 00:06:10,619 INFO (SLF4JLogger.java:71)- Opened connection [connectionId{localValue:23, serverValue:282}] to 10.0.0.134:27017
2022-04-05 00:06:15,922 WARN (HikariPool.java:766)- HikariPool-1 - Thread starvation or clock leap detected (housekeeper delta=1m46s852ms).
2022-04-05 00:10:23,544 INFO (SLF4JLogger.java:71)- Opened connection [connectionId{localValue:24, serverValue:283}] to 10.0.0.134:27017
2022-04-05 00:10:27,527 INFO (SLF4JLogger.java:71)- Closed connection [connectionId{localValue:4, serverValue:252}] to 10.0.0.134:27017 because there was a socket exception raised on another connection from this pool.
2022-04-05 00:10:27,574 INFO (SLF4JLogger.java:71)- Opened connection [connectionId{localValue:25, serverValue:285}] to 10.0.0.134:27017
2022-04-05 00:10:37,788 WARN (HikariPool.java:766)- HikariPool-1 - Thread starvation or clock leap detected (housekeeper delta=3m51s853ms).
2022-04-05 00:33:06,426 WARN (HikariPool.java:766)- HikariPool-1 - Thread starvation or clock leap detected (housekeeper delta=15m28s566ms).
2022-04-05 00:33:22,882 INFO (SLF4JLogger.java:76)- Exception in monitor thread while connecting to server 10.0.0.134:27017
com.mongodb.MongoSocketOpenException: Exception opening socket
	at com.mongodb.internal.connection.SocketStream.open(SocketStream.java:67)
	at com.mongodb.internal.connection.InternalStreamConnection.open(InternalStreamConnection.java:126)
	at com.mongodb.internal.connection.DefaultServerMonitor$ServerMonitorRunnable.run(DefaultServerMonitor.java:131)
	at java.lang.Thread.run(Thread.java:750)
Caused by: java.net.SocketTimeoutException: connect timed out
	at java.net.PlainSocketImpl.socketConnect(Native Method)
	at java.net.AbstractPlainSocketImpl.doConnect(AbstractPlainSocketImpl.java:476)
	at java.net.AbstractPlainSocketImpl.connectToAddress(AbstractPlainSocketImpl.java:218)
	at java.net.AbstractPlainSocketImpl.connect(AbstractPlainSocketImpl.java:200)
	at java.net.SocksSocketImpl.connect(SocksSocketImpl.java:394)
	at java.net.Socket.connect(Socket.java:606)
	at com.mongodb.internal.connection.SocketStreamHelper.initialize(SocketStreamHelper.java:64)
	at com.mongodb.internal.connection.SocketStream.open(SocketStream.java:62)
	... 3 common frames omitted
2022-04-05 00:49:05,099 WARN (HikariPool.java:766)- HikariPool-1 - Thread starvation or clock leap detected (housekeeper delta=15m28s668ms).
2022-04-05 01:05:03,629 WARN (HikariPool.java:766)- HikariPool-1 - Thread starvation or clock leap detected (housekeeper delta=15m28s523ms).
2022-04-05 01:20:32,473 WARN (HikariPool.java:766)- HikariPool-1 - Thread starvation or clock leap detected (housekeeper delta=15m28s843ms).
2022-04-05 01:36:31,065 WARN (HikariPool.java:766)- HikariPool-1 - Thread starvation or clock leap detected (housekeeper delta=15m28s580ms).
2022-04-05 01:52:29,948 WARN (HikariPool.java:766)- HikariPool-1 - Thread starvation or clock leap detected (housekeeper delta=15m28s875ms).
2022-04-05 02:08:28,822 WARN (HikariPool.java:766)- HikariPool-1 - Thread starvation or clock leap detected (housekeeper delta=15m28s850ms).
2022-04-05 02:26:21,252 WARN (HikariPool.java:766)- HikariPool-1 - Thread starvation or clock leap detected (housekeeper delta=16m51s655ms).
2022-04-05 02:50:47,563 WARN (HikariPool.java:766)- HikariPool-1 - Thread starvation or clock leap detected (housekeeper delta=23m22s920ms).
2022-04-05 07:57:10,744 WARN (HikariPool.java:766)- HikariPool-1 - Thread starvation or clock leap detected (housekeeper delta=5h6m23s180ms).
2022-04-05 07:57:16,686 INFO (SLF4JLogger.java:71)- Opened connection [connectionId{localValue:52, serverValue:288}] to 10.0.0.134:27017
2022-04-05 07:57:16,698 INFO (SLF4JLogger.java:71)- Monitor thread successfully connected to server with description ServerDescription{address=10.0.0.134:27017, type=STANDALONE, state=CONNECTED, ok=true, version=ServerVersion{versionList=[5, 0, 6]}, minWireVersion=0, maxWireVersion=13, maxDocumentSize=16777216, logicalSessionTimeoutMinutes=30, roundTripTimeNanos=1571290}
2022-04-05 10:38:04,690 INFO (SLF4JLogger.java:76)- Exception in monitor thread while connecting to server 10.0.0.134:27017
com.mongodb.MongoSocketOpenException: Exception opening socket
	at com.mongodb.internal.connection.SocketStream.open(SocketStream.java:67)
	at com.mongodb.internal.connection.InternalStreamConnection.open(InternalStreamConnection.java:126)
	at com.mongodb.internal.connection.DefaultServerMonitor$ServerMonitorRunnable.run(DefaultServerMonitor.java:131)
	at java.lang.Thread.run(Thread.java:750)
Caused by: java.net.ConnectException: Operation timed out (Connection timed out)
	at java.net.PlainSocketImpl.socketConnect(Native Method)
	at java.net.AbstractPlainSocketImpl.doConnect(AbstractPlainSocketImpl.java:476)
	at java.net.AbstractPlainSocketImpl.connectToAddress(AbstractPlainSocketImpl.java:218)
	at java.net.AbstractPlainSocketImpl.connect(AbstractPlainSocketImpl.java:200)
	at java.net.SocksSocketImpl.connect(SocksSocketImpl.java:394)
	at java.net.Socket.connect(Socket.java:606)
	at com.mongodb.internal.connection.SocketStreamHelper.initialize(SocketStreamHelper.java:64)
	at com.mongodb.internal.connection.SocketStream.open(SocketStream.java:62)
	... 3 common frames omitted
2022-04-05 10:38:11,284 WARN (HikariPool.java:766)- HikariPool-1 - Thread starvation or clock leap detected (housekeeper delta=15m28s783ms).
2022-04-05 10:54:06,408 INFO (SLF4JLogger.java:71)- Opened connection [connectionId{localValue:56, serverValue:291}] to 10.0.0.134:27017
2022-04-05 10:54:06,415 INFO (SLF4JLogger.java:71)- Monitor thread successfully connected to server with description ServerDescription{address=10.0.0.134:27017, type=STANDALONE, state=CONNECTED, ok=true, version=ServerVersion{versionList=[5, 0, 6]}, minWireVersion=0, maxWireVersion=13, maxDocumentSize=16777216, logicalSessionTimeoutMinutes=30, roundTripTimeNanos=3164260}
2022-04-05 10:54:10,072 WARN (HikariPool.java:766)- HikariPool-1 - Thread starvation or clock leap detected (housekeeper delta=15m28s765ms).
2022-04-05 11:10:04,960 INFO (SLF4JLogger.java:76)- Exception in monitor thread while connecting to server 10.0.0.134:27017
com.mongodb.MongoSocketOpenException: Exception opening socket
	at com.mongodb.internal.connection.SocketStream.open(SocketStream.java:67)
	at com.mongodb.internal.connection.InternalStreamConnection.open(InternalStreamConnection.java:126)
	at com.mongodb.internal.connection.DefaultServerMonitor$ServerMonitorRunnable.run(DefaultServerMonitor.java:131)
	at java.lang.Thread.run(Thread.java:750)
Caused by: java.net.SocketTimeoutException: connect timed out
	at java.net.PlainSocketImpl.socketConnect(Native Method)
	at java.net.AbstractPlainSocketImpl.doConnect(AbstractPlainSocketImpl.java:476)
	at java.net.AbstractPlainSocketImpl.connectToAddress(AbstractPlainSocketImpl.java:218)
	at java.net.AbstractPlainSocketImpl.connect(AbstractPlainSocketImpl.java:200)
	at java.net.SocksSocketImpl.connect(SocksSocketImpl.java:394)
	at java.net.Socket.connect(Socket.java:606)
	at com.mongodb.internal.connection.SocketStreamHelper.initialize(SocketStreamHelper.java:64)
	at com.mongodb.internal.connection.SocketStream.open(SocketStream.java:62)
	... 3 common frames omitted
2022-04-05 11:10:08,577 WARN (HikariPool.java:766)- HikariPool-1 - Thread starvation or clock leap detected (housekeeper delta=15m28s572ms).
2022-04-05 11:25:37,381 WARN (HikariPool.java:766)- HikariPool-1 - Thread starvation or clock leap detected (housekeeper delta=15m28s804ms).
2022-04-05 11:57:06,789 WARN (HikariPool.java:766)- HikariPool-1 - Thread starvation or clock leap detected (housekeeper delta=29m59s391ms).
2022-04-05 11:57:33,744 INFO (SLF4JLogger.java:71)- Opened connection [connectionId{localValue:65, serverValue:294}] to 10.0.0.134:27017
2022-04-05 11:57:33,760 INFO (SLF4JLogger.java:71)- Monitor thread successfully connected to server with description ServerDescription{address=10.0.0.134:27017, type=STANDALONE, state=CONNECTED, ok=true, version=ServerVersion{versionList=[5, 0, 6]}, minWireVersion=0, maxWireVersion=13, maxDocumentSize=16777216, logicalSessionTimeoutMinutes=30, roundTripTimeNanos=2089908}
2022-04-05 12:13:05,349 WARN (HikariPool.java:766)- HikariPool-1 - Thread starvation or clock leap detected (housekeeper delta=15m28s533ms).
2022-04-05 12:13:16,845 INFO (SLF4JLogger.java:76)- Exception in monitor thread while connecting to server 10.0.0.134:27017
com.mongodb.MongoSocketOpenException: Exception opening socket
	at com.mongodb.internal.connection.SocketStream.open(SocketStream.java:67)
	at com.mongodb.internal.connection.InternalStreamConnection.open(InternalStreamConnection.java:126)
	at com.mongodb.internal.connection.DefaultServerMonitor$ServerMonitorRunnable.run(DefaultServerMonitor.java:131)
	at java.lang.Thread.run(Thread.java:750)
Caused by: java.net.SocketTimeoutException: connect timed out
	at java.net.PlainSocketImpl.socketConnect(Native Method)
	at java.net.AbstractPlainSocketImpl.doConnect(AbstractPlainSocketImpl.java:476)
	at java.net.AbstractPlainSocketImpl.connectToAddress(AbstractPlainSocketImpl.java:218)
	at java.net.AbstractPlainSocketImpl.connect(AbstractPlainSocketImpl.java:200)
	at java.net.SocksSocketImpl.connect(SocksSocketImpl.java:394)
	at java.net.Socket.connect(Socket.java:606)
	at com.mongodb.internal.connection.SocketStreamHelper.initialize(SocketStreamHelper.java:64)
	at com.mongodb.internal.connection.SocketStream.open(SocketStream.java:62)
	... 3 common frames omitted
2022-04-05 20:30:04,151 WARN (HikariPool.java:766)- HikariPool-1 - Thread starvation or clock leap detected (housekeeper delta=8h16m58s460ms).
