2022-04-15 01:06:38,416 INFO (SLF4JLogger.java:71)- Opened connection [connectionId{localValue:14, serverValue:31}] to 10.0.0.134:27017
2022-04-15 01:06:38,444 INFO (SLF4JLogger.java:71)- Monitor thread successfully connected to server with description ServerDescription{address=10.0.0.134:27017, type=STANDALONE, state=CONNECTED, ok=true, version=ServerVersion{versionList=[5, 0, 6]}, minWireVersion=0, maxWireVersion=13, maxDocumentSize=16777216, logicalSessionTimeoutMinutes=30, roundTripTimeNanos=3409769}
2022-04-15 01:07:02,713 WARN (HikariPool.java:766)- HikariPool-1 - Thread starvation or clock leap detected (housekeeper delta=2h1m21s633ms).
2022-04-15 01:11:10,656 INFO (ConfigClusterResolver.java:43)- Resolving eureka endpoints via configuration
2022-04-15 01:16:10,677 INFO (ConfigClusterResolver.java:43)- Resolving eureka endpoints via configuration
2022-04-15 01:21:10,649 INFO (ConfigClusterResolver.java:43)- Resolving eureka endpoints via configuration
2022-04-15 01:26:10,660 INFO (ConfigClusterResolver.java:43)- Resolving eureka endpoints via configuration
2022-04-15 01:31:10,682 INFO (ConfigClusterResolver.java:43)- Resolving eureka endpoints via configuration
2022-04-15 01:36:10,630 INFO (ConfigClusterResolver.java:43)- Resolving eureka endpoints via configuration
2022-04-15 01:41:10,631 INFO (ConfigClusterResolver.java:43)- Resolving eureka endpoints via configuration
2022-04-15 01:46:10,637 INFO (ConfigClusterResolver.java:43)- Resolving eureka endpoints via configuration
2022-04-15 01:51:10,663 INFO (ConfigClusterResolver.java:43)- Resolving eureka endpoints via configuration
2022-04-15 01:56:10,668 INFO (ConfigClusterResolver.java:43)- Resolving eureka endpoints via configuration
2022-04-15 02:01:10,673 INFO (ConfigClusterResolver.java:43)- Resolving eureka endpoints via configuration
2022-04-15 02:06:10,675 INFO (ConfigClusterResolver.java:43)- Resolving eureka endpoints via configuration
2022-04-15 02:11:10,682 INFO (ConfigClusterResolver.java:43)- Resolving eureka endpoints via configuration
2022-04-15 02:16:10,694 INFO (ConfigClusterResolver.java:43)- Resolving eureka endpoints via configuration
2022-04-15 02:21:10,699 INFO (ConfigClusterResolver.java:43)- Resolving eureka endpoints via configuration
2022-04-15 02:26:10,704 INFO (ConfigClusterResolver.java:43)- Resolving eureka endpoints via configuration
2022-04-15 02:31:10,713 INFO (ConfigClusterResolver.java:43)- Resolving eureka endpoints via configuration
2022-04-15 02:36:10,739 INFO (ConfigClusterResolver.java:43)- Resolving eureka endpoints via configuration
2022-04-15 02:41:10,748 INFO (ConfigClusterResolver.java:43)- Resolving eureka endpoints via configuration
2022-04-15 02:46:10,754 INFO (ConfigClusterResolver.java:43)- Resolving eureka endpoints via configuration
2022-04-15 02:51:10,764 INFO (ConfigClusterResolver.java:43)- Resolving eureka endpoints via configuration
2022-04-15 02:56:10,823 INFO (ConfigClusterResolver.java:43)- Resolving eureka endpoints via configuration
2022-04-15 03:01:10,838 INFO (ConfigClusterResolver.java:43)- Resolving eureka endpoints via configuration
2022-04-15 03:06:10,854 INFO (ConfigClusterResolver.java:43)- Resolving eureka endpoints via configuration
2022-04-15 03:11:10,870 INFO (ConfigClusterResolver.java:43)- Resolving eureka endpoints via configuration
2022-04-15 03:16:10,883 INFO (ConfigClusterResolver.java:43)- Resolving eureka endpoints via configuration
2022-04-15 03:35:32,755 WARN (HikariPool.java:766)- HikariPool-1 - Thread starvation or clock leap detected (housekeeper delta=15m28s585ms).
2022-04-15 03:35:35,244 INFO (SLF4JLogger.java:76)- Exception in monitor thread while connecting to server 10.0.0.134:27017
com.mongodb.MongoSocketOpenException: Exception opening socket
	at com.mongodb.internal.connection.SocketStream.open(SocketStream.java:67)
	at com.mongodb.internal.connection.InternalStreamConnection.open(InternalStreamConnection.java:126)
	at com.mongodb.internal.connection.DefaultServerMonitor$ServerMonitorRunnable.run(DefaultServerMonitor.java:131)
	at java.lang.Thread.run(Thread.java:750)
Caused by: java.net.SocketTimeoutException: connect timed out
	at java.net.PlainSocketImpl.socketConnect(Native Method)
	at java.net.AbstractPlainSocketImpl.doConnect(AbstractPlainSocketImpl.java:476)
	at java.net.AbstractPlainSocketImpl.connectToAddress(AbstractPlainSocketImpl.java:218)
	at java.net.AbstractPlainSocketImpl.connect(AbstractPlainSocketImpl.java:200)
	at java.net.SocksSocketImpl.connect(SocksSocketImpl.java:394)
	at java.net.Socket.connect(Socket.java:606)
	at com.mongodb.internal.connection.SocketStreamHelper.initialize(SocketStreamHelper.java:64)
	at com.mongodb.internal.connection.SocketStream.open(SocketStream.java:62)
	... 3 common frames omitted
2022-04-15 03:35:48,194 INFO (DiscoveryClient.java:868)- DiscoveryClient_MEDIA/10.0.0.114:media:9006 - Re-registering apps/MEDIA
2022-04-15 03:35:48,235 INFO (DiscoveryClient.java:844)- DiscoveryClient_MEDIA/10.0.0.114:media:9006: registering service...
2022-04-15 03:35:48,581 INFO (DiscoveryClient.java:853)- DiscoveryClient_MEDIA/10.0.0.114:media:9006 - registration status: 204
2022-04-15 07:30:03,136 INFO (ConfigClusterResolver.java:43)- Resolving eureka endpoints via configuration
2022-04-15 09:58:11,220 INFO (SLF4JLogger.java:71)- Opened connection [connectionId{localValue:18, serverValue:34}] to 10.0.0.134:27017
2022-04-15 09:58:11,222 INFO (SLF4JLogger.java:71)- Monitor thread successfully connected to server with description ServerDescription{address=10.0.0.134:27017, type=STANDALONE, state=CONNECTED, ok=true, version=ServerVersion{versionList=[5, 0, 6]}, minWireVersion=0, maxWireVersion=13, maxDocumentSize=16777216, logicalSessionTimeoutMinutes=30, roundTripTimeNanos=1440014}
2022-04-15 09:58:13,272 WARN (HikariPool.java:766)- HikariPool-1 - Thread starvation or clock leap detected (housekeeper delta=6h22m10s498ms).
2022-04-15 10:02:56,140 INFO (ConfigClusterResolver.java:43)- Resolving eureka endpoints via configuration
2022-04-15 10:07:56,156 INFO (ConfigClusterResolver.java:43)- Resolving eureka endpoints via configuration
2022-04-15 10:12:56,167 INFO (ConfigClusterResolver.java:43)- Resolving eureka endpoints via configuration
2022-04-15 10:17:56,180 INFO (ConfigClusterResolver.java:43)- Resolving eureka endpoints via configuration
2022-04-15 10:22:56,251 INFO (ConfigClusterResolver.java:43)- Resolving eureka endpoints via configuration
2022-04-15 10:27:56,268 INFO (ConfigClusterResolver.java:43)- Resolving eureka endpoints via configuration
2022-04-15 10:32:56,281 INFO (ConfigClusterResolver.java:43)- Resolving eureka endpoints via configuration
2022-04-15 10:37:56,326 INFO (ConfigClusterResolver.java:43)- Resolving eureka endpoints via configuration
2022-04-15 10:42:56,344 INFO (ConfigClusterResolver.java:43)- Resolving eureka endpoints via configuration
2022-04-15 10:47:56,360 INFO (ConfigClusterResolver.java:43)- Resolving eureka endpoints via configuration
2022-04-15 10:52:56,299 INFO (ConfigClusterResolver.java:43)- Resolving eureka endpoints via configuration
2022-04-15 10:57:56,303 INFO (ConfigClusterResolver.java:43)- Resolving eureka endpoints via configuration
2022-04-15 11:02:56,310 INFO (ConfigClusterResolver.java:43)- Resolving eureka endpoints via configuration
2022-04-15 11:07:56,310 INFO (ConfigClusterResolver.java:43)- Resolving eureka endpoints via configuration
2022-04-15 11:12:56,315 INFO (ConfigClusterResolver.java:43)- Resolving eureka endpoints via configuration
2022-04-15 11:17:56,320 INFO (ConfigClusterResolver.java:43)- Resolving eureka endpoints via configuration
2022-04-15 11:22:24,818 INFO (SLF4JLogger.java:76)- Exception in monitor thread while connecting to server 10.0.0.134:27017
com.mongodb.MongoSocketOpenException: Exception opening socket
	at com.mongodb.internal.connection.SocketStream.open(SocketStream.java:67)
	at com.mongodb.internal.connection.InternalStreamConnection.open(InternalStreamConnection.java:126)
	at com.mongodb.internal.connection.DefaultServerMonitor$ServerMonitorRunnable.run(DefaultServerMonitor.java:131)
	at java.lang.Thread.run(Thread.java:750)
Caused by: java.net.ConnectException: Network is unreachable (connect failed)
	at java.net.PlainSocketImpl.socketConnect(Native Method)
	at java.net.AbstractPlainSocketImpl.doConnect(AbstractPlainSocketImpl.java:476)
	at java.net.AbstractPlainSocketImpl.connectToAddress(AbstractPlainSocketImpl.java:218)
	at java.net.AbstractPlainSocketImpl.connect(AbstractPlainSocketImpl.java:200)
	at java.net.SocksSocketImpl.connect(SocksSocketImpl.java:394)
	at java.net.Socket.connect(Socket.java:606)
	at com.mongodb.internal.connection.SocketStreamHelper.initialize(SocketStreamHelper.java:64)
	at com.mongodb.internal.connection.SocketStream.open(SocketStream.java:62)
	... 3 common frames omitted
2022-04-15 11:22:56,349 INFO (ConfigClusterResolver.java:43)- Resolving eureka endpoints via configuration
2022-04-15 11:23:24,895 INFO (SLF4JLogger.java:71)- Opened connection [connectionId{localValue:25, serverValue:38}] to 10.0.0.134:27017
2022-04-15 11:23:24,898 INFO (SLF4JLogger.java:71)- Monitor thread successfully connected to server with description ServerDescription{address=10.0.0.134:27017, type=STANDALONE, state=CONNECTED, ok=true, version=ServerVersion{versionList=[5, 0, 6]}, minWireVersion=0, maxWireVersion=13, maxDocumentSize=16777216, logicalSessionTimeoutMinutes=30, roundTripTimeNanos=1870322}
2022-04-15 11:27:56,358 INFO (ConfigClusterResolver.java:43)- Resolving eureka endpoints via configuration
2022-04-15 11:32:56,369 INFO (ConfigClusterResolver.java:43)- Resolving eureka endpoints via configuration
2022-04-15 11:37:56,386 INFO (ConfigClusterResolver.java:43)- Resolving eureka endpoints via configuration
2022-04-15 11:42:56,394 INFO (ConfigClusterResolver.java:43)- Resolving eureka endpoints via configuration
2022-04-15 11:47:56,404 INFO (ConfigClusterResolver.java:43)- Resolving eureka endpoints via configuration
2022-04-15 11:52:56,412 INFO (ConfigClusterResolver.java:43)- Resolving eureka endpoints via configuration
2022-04-15 11:57:56,410 INFO (ConfigClusterResolver.java:43)- Resolving eureka endpoints via configuration
2022-04-15 12:02:56,419 INFO (ConfigClusterResolver.java:43)- Resolving eureka endpoints via configuration
2022-04-15 12:07:56,432 INFO (ConfigClusterResolver.java:43)- Resolving eureka endpoints via configuration
2022-04-15 12:12:56,440 INFO (ConfigClusterResolver.java:43)- Resolving eureka endpoints via configuration
2022-04-15 12:31:28,636 INFO (SLF4JLogger.java:76)- Exception in monitor thread while connecting to server 10.0.0.134:27017
com.mongodb.MongoSocketOpenException: Exception opening socket
	at com.mongodb.internal.connection.SocketStream.open(SocketStream.java:67)
	at com.mongodb.internal.connection.InternalStreamConnection.open(InternalStreamConnection.java:126)
	at com.mongodb.internal.connection.DefaultServerMonitor$ServerMonitorRunnable.run(DefaultServerMonitor.java:131)
	at java.lang.Thread.run(Thread.java:750)
Caused by: java.net.ConnectException: Operation timed out (Connection timed out)
	at java.net.PlainSocketImpl.socketConnect(Native Method)
	at java.net.AbstractPlainSocketImpl.doConnect(AbstractPlainSocketImpl.java:476)
	at java.net.AbstractPlainSocketImpl.connectToAddress(AbstractPlainSocketImpl.java:218)
	at java.net.AbstractPlainSocketImpl.connect(AbstractPlainSocketImpl.java:200)
	at java.net.SocksSocketImpl.connect(SocksSocketImpl.java:394)
	at java.net.Socket.connect(Socket.java:606)
	at com.mongodb.internal.connection.SocketStreamHelper.initialize(SocketStreamHelper.java:64)
	at com.mongodb.internal.connection.SocketStream.open(SocketStream.java:62)
	... 3 common frames omitted
2022-04-15 12:31:43,288 WARN (HikariPool.java:766)- HikariPool-1 - Thread starvation or clock leap detected (housekeeper delta=15m28s710ms).
2022-04-15 12:47:41,712 WARN (HikariPool.java:766)- HikariPool-1 - Thread starvation or clock leap detected (housekeeper delta=15m28s414ms).
2022-04-15 12:47:53,580 INFO (ConfigClusterResolver.java:43)- Resolving eureka endpoints via configuration
2022-04-15 13:03:09,114 WARN (HikariPool.java:766)- HikariPool-1 - Thread starvation or clock leap detected (housekeeper delta=14m26s319ms).
2022-04-15 13:06:50,971 INFO (ConfigClusterResolver.java:43)- Resolving eureka endpoints via configuration
2022-04-15 13:18:30,951 WARN (HikariPool.java:766)- HikariPool-1 - Thread starvation or clock leap detected (housekeeper delta=9m51s754ms).
2022-04-15 13:19:28,859 INFO (SLF4JLogger.java:71)- Opened connection [connectionId{localValue:51, serverValue:43}] to 10.0.0.134:27017
2022-04-15 13:19:28,866 INFO (SLF4JLogger.java:71)- Monitor thread successfully connected to server with description ServerDescription{address=10.0.0.134:27017, type=STANDALONE, state=CONNECTED, ok=true, version=ServerVersion{versionList=[5, 0, 6]}, minWireVersion=0, maxWireVersion=13, maxDocumentSize=16777216, logicalSessionTimeoutMinutes=30, roundTripTimeNanos=2424840}
2022-04-15 13:21:12,752 INFO (ConfigClusterResolver.java:43)- Resolving eureka endpoints via configuration
2022-04-15 13:26:12,759 INFO (ConfigClusterResolver.java:43)- Resolving eureka endpoints via configuration
2022-04-15 13:31:12,773 INFO (ConfigClusterResolver.java:43)- Resolving eureka endpoints via configuration
2022-04-15 13:36:12,786 INFO (ConfigClusterResolver.java:43)- Resolving eureka endpoints via configuration
2022-04-15 13:41:12,798 INFO (ConfigClusterResolver.java:43)- Resolving eureka endpoints via configuration
2022-04-15 13:46:12,806 INFO (ConfigClusterResolver.java:43)- Resolving eureka endpoints via configuration
2022-04-15 13:51:12,821 INFO (ConfigClusterResolver.java:43)- Resolving eureka endpoints via configuration
2022-04-15 13:56:12,833 INFO (ConfigClusterResolver.java:43)- Resolving eureka endpoints via configuration
2022-04-15 14:01:12,856 INFO (ConfigClusterResolver.java:43)- Resolving eureka endpoints via configuration
2022-04-15 14:06:12,868 INFO (ConfigClusterResolver.java:43)- Resolving eureka endpoints via configuration
2022-04-15 14:11:12,878 INFO (ConfigClusterResolver.java:43)- Resolving eureka endpoints via configuration
2022-04-15 14:16:12,890 INFO (ConfigClusterResolver.java:43)- Resolving eureka endpoints via configuration
2022-04-15 14:21:12,904 INFO (ConfigClusterResolver.java:43)- Resolving eureka endpoints via configuration
2022-04-15 14:26:12,912 INFO (ConfigClusterResolver.java:43)- Resolving eureka endpoints via configuration
2022-04-15 14:31:12,921 INFO (ConfigClusterResolver.java:43)- Resolving eureka endpoints via configuration
2022-04-15 14:36:12,935 INFO (ConfigClusterResolver.java:43)- Resolving eureka endpoints via configuration
2022-04-15 14:41:12,952 INFO (ConfigClusterResolver.java:43)- Resolving eureka endpoints via configuration
2022-04-15 14:46:12,966 INFO (ConfigClusterResolver.java:43)- Resolving eureka endpoints via configuration
2022-04-15 14:51:12,977 INFO (ConfigClusterResolver.java:43)- Resolving eureka endpoints via configuration
2022-04-15 15:10:53,469 ERROR (RedirectingEurekaHttpClient.java:83)- Request execution error. endpoint=DefaultEndpoint{ serviceUrl='http://127.0.0.1:7001/eureka/}
com.sun.jersey.api.client.ClientHandlerException: java.net.SocketException: Connection reset
	at com.sun.jersey.client.apache4.ApacheHttpClient4Handler.handle(ApacheHttpClient4Handler.java:187)
	at com.sun.jersey.api.client.filter.GZIPContentEncodingFilter.handle(GZIPContentEncodingFilter.java:123)
	at com.netflix.discovery.EurekaIdentityHeaderFilter.handle(EurekaIdentityHeaderFilter.java:27)
	at com.sun.jersey.api.client.Client.handle(Client.java:652)
	at com.sun.jersey.api.client.WebResource.handle(WebResource.java:682)
	at com.sun.jersey.api.client.WebResource.access$200(WebResource.java:74)
	at com.sun.jersey.api.client.WebResource$Builder.put(WebResource.java:529)
	at com.netflix.discovery.shared.transport.jersey.AbstractJerseyEurekaHttpClient.sendHeartBeat(AbstractJerseyEurekaHttpClient.java:102)
	at com.netflix.discovery.shared.transport.decorator.EurekaHttpClientDecorator$3.execute(EurekaHttpClientDecorator.java:92)
	at com.netflix.discovery.shared.transport.decorator.MetricsCollectingEurekaHttpClient.execute(MetricsCollectingEurekaHttpClient.java:73)
	at com.netflix.discovery.shared.transport.decorator.EurekaHttpClientDecorator.sendHeartBeat(EurekaHttpClientDecorator.java:89)
	at com.netflix.discovery.shared.transport.decorator.EurekaHttpClientDecorator$3.execute(EurekaHttpClientDecorator.java:92)
	at com.netflix.discovery.shared.transport.decorator.RedirectingEurekaHttpClient.executeOnNewServer(RedirectingEurekaHttpClient.java:118)
	at com.netflix.discovery.shared.transport.decorator.RedirectingEurekaHttpClient.execute(RedirectingEurekaHttpClient.java:79)
	at com.netflix.discovery.shared.transport.decorator.EurekaHttpClientDecorator.sendHeartBeat(EurekaHttpClientDecorator.java:89)
	at com.netflix.discovery.shared.transport.decorator.EurekaHttpClientDecorator$3.execute(EurekaHttpClientDecorator.java:92)
	at com.netflix.discovery.shared.transport.decorator.RetryableEurekaHttpClient.execute(RetryableEurekaHttpClient.java:120)
	at com.netflix.discovery.shared.transport.decorator.EurekaHttpClientDecorator.sendHeartBeat(EurekaHttpClientDecorator.java:89)
	at com.netflix.discovery.shared.transport.decorator.EurekaHttpClientDecorator$3.execute(EurekaHttpClientDecorator.java:92)
	at com.netflix.discovery.shared.transport.decorator.SessionedEurekaHttpClient.execute(SessionedEurekaHttpClient.java:77)
	at com.netflix.discovery.shared.transport.decorator.EurekaHttpClientDecorator.sendHeartBeat(EurekaHttpClientDecorator.java:89)
	at com.netflix.discovery.DiscoveryClient.renew(DiscoveryClient.java:864)
	at com.netflix.discovery.DiscoveryClient$HeartbeatThread.run(DiscoveryClient.java:1423)
	at java.util.concurrent.Executors$RunnableAdapter.call(Executors.java:511)
	at java.util.concurrent.FutureTask.run(FutureTask.java:266)
	at java.util.concurrent.ThreadPoolExecutor.runWorker(ThreadPoolExecutor.java:1149)
	at java.util.concurrent.ThreadPoolExecutor$Worker.run(ThreadPoolExecutor.java:624)
	at java.lang.Thread.run(Thread.java:750)
Caused by: java.net.SocketException: Connection reset
	at java.net.SocketInputStream.read(SocketInputStream.java:210)
	at java.net.SocketInputStream.read(SocketInputStream.java:141)
	at org.apache.http.impl.io.AbstractSessionInputBuffer.fillBuffer(AbstractSessionInputBuffer.java:161)
	at org.apache.http.impl.io.SocketInputBuffer.fillBuffer(SocketInputBuffer.java:82)
	at org.apache.http.impl.io.AbstractSessionInputBuffer.readLine(AbstractSessionInputBuffer.java:276)
	at org.apache.http.impl.conn.DefaultHttpResponseParser.parseHead(DefaultHttpResponseParser.java:138)
	at org.apache.http.impl.conn.DefaultHttpResponseParser.parseHead(DefaultHttpResponseParser.java:56)
	at org.apache.http.impl.io.AbstractMessageParser.parse(AbstractMessageParser.java:259)
	at org.apache.http.impl.AbstractHttpClientConnection.receiveResponseHeader(AbstractHttpClientConnection.java:294)
	at org.apache.http.impl.conn.DefaultClientConnection.receiveResponseHeader(DefaultClientConnection.java:257)
	at org.apache.http.impl.conn.AbstractClientConnAdapter.receiveResponseHeader(AbstractClientConnAdapter.java:230)
	at org.apache.http.protocol.HttpRequestExecutor.doReceiveResponse(HttpRequestExecutor.java:273)
	at org.apache.http.protocol.HttpRequestExecutor.execute(HttpRequestExecutor.java:125)
	at org.apache.http.impl.client.DefaultRequestDirector.tryExecute(DefaultRequestDirector.java:679)
	at org.apache.http.impl.client.DefaultRequestDirector.execute(DefaultRequestDirector.java:481)
	at org.apache.http.impl.client.AbstractHttpClient.doExecute(AbstractHttpClient.java:835)
	at org.apache.http.impl.client.CloseableHttpClient.execute(CloseableHttpClient.java:118)
	at org.apache.http.impl.client.CloseableHttpClient.execute(CloseableHttpClient.java:56)
	at com.sun.jersey.client.apache4.ApacheHttpClient4Handler.handle(ApacheHttpClient4Handler.java:173)
	... 27 common frames omitted
2022-04-15 15:10:53,491 WARN (RetryableEurekaHttpClient.java:130)- Request execution failed with message: java.net.SocketException: Connection reset
2022-04-15 15:10:53,529 ERROR (DiscoveryClient.java:878)- DiscoveryClient_MEDIA/10.0.0.114:media:9006 - was unable to send heartbeat!
com.netflix.discovery.shared.transport.TransportException: Cannot execute request on any known server
	at com.netflix.discovery.shared.transport.decorator.RetryableEurekaHttpClient.execute(RetryableEurekaHttpClient.java:112)
	at com.netflix.discovery.shared.transport.decorator.EurekaHttpClientDecorator.sendHeartBeat(EurekaHttpClientDecorator.java:89)
	at com.netflix.discovery.shared.transport.decorator.EurekaHttpClientDecorator$3.execute(EurekaHttpClientDecorator.java:92)
	at com.netflix.discovery.shared.transport.decorator.SessionedEurekaHttpClient.execute(SessionedEurekaHttpClient.java:77)
	at com.netflix.discovery.shared.transport.decorator.EurekaHttpClientDecorator.sendHeartBeat(EurekaHttpClientDecorator.java:89)
	at com.netflix.discovery.DiscoveryClient.renew(DiscoveryClient.java:864)
	at com.netflix.discovery.DiscoveryClient$HeartbeatThread.run(DiscoveryClient.java:1423)
	at java.util.concurrent.Executors$RunnableAdapter.call(Executors.java:511)
	at java.util.concurrent.FutureTask.run(FutureTask.java:266)
	at java.util.concurrent.ThreadPoolExecutor.runWorker(ThreadPoolExecutor.java:1149)
	at java.util.concurrent.ThreadPoolExecutor$Worker.run(ThreadPoolExecutor.java:624)
	at java.lang.Thread.run(Thread.java:750)
2022-04-15 15:10:56,196 INFO (SLF4JLogger.java:76)- Exception in monitor thread while connecting to server 10.0.0.134:27017
com.mongodb.MongoSocketOpenException: Exception opening socket
	at com.mongodb.internal.connection.SocketStream.open(SocketStream.java:67)
	at com.mongodb.internal.connection.InternalStreamConnection.open(InternalStreamConnection.java:126)
	at com.mongodb.internal.connection.DefaultServerMonitor$ServerMonitorRunnable.run(DefaultServerMonitor.java:131)
	at java.lang.Thread.run(Thread.java:750)
Caused by: java.net.ConnectException: Operation timed out (Connection timed out)
	at java.net.PlainSocketImpl.socketConnect(Native Method)
	at java.net.AbstractPlainSocketImpl.doConnect(AbstractPlainSocketImpl.java:476)
	at java.net.AbstractPlainSocketImpl.connectToAddress(AbstractPlainSocketImpl.java:218)
	at java.net.AbstractPlainSocketImpl.connect(AbstractPlainSocketImpl.java:200)
	at java.net.SocksSocketImpl.connect(SocksSocketImpl.java:394)
	at java.net.Socket.connect(Socket.java:606)
	at com.mongodb.internal.connection.SocketStreamHelper.initialize(SocketStreamHelper.java:64)
	at com.mongodb.internal.connection.SocketStream.open(SocketStream.java:62)
	... 3 common frames omitted
2022-04-15 15:11:00,607 WARN (HikariPool.java:766)- HikariPool-1 - Thread starvation or clock leap detected (housekeeper delta=15m28s459ms).
2022-04-15 15:11:11,437 INFO (ConfigClusterResolver.java:43)- Resolving eureka endpoints via configuration
2022-04-15 15:55:51,774 WARN (HikariPool.java:766)- HikariPool-1 - Thread starvation or clock leap detected (housekeeper delta=44m51s174ms).
2022-04-15 18:00:04,849 WARN (HikariPool.java:766)- HikariPool-1 - Thread starvation or clock leap detected (housekeeper delta=2h4m12s794ms).
2022-04-15 21:24:27,045 INFO (SLF4JLogger.java:71)- Opened connection [connectionId{localValue:55, serverValue:44}] to 10.0.0.134:27017
2022-04-15 21:24:27,052 INFO (SLF4JLogger.java:71)- Monitor thread successfully connected to server with description ServerDescription{address=10.0.0.134:27017, type=STANDALONE, state=CONNECTED, ok=true, version=ServerVersion{versionList=[5, 0, 6]}, minWireVersion=0, maxWireVersion=13, maxDocumentSize=16777216, logicalSessionTimeoutMinutes=30, roundTripTimeNanos=1805067}
2022-04-15 21:24:37,029 WARN (HikariPool.java:766)- HikariPool-1 - Thread starvation or clock leap detected (housekeeper delta=3h24m32s459ms).
2022-04-15 21:28:15,742 INFO (ConfigClusterResolver.java:43)- Resolving eureka endpoints via configuration
2022-04-15 21:33:15,773 INFO (ConfigClusterResolver.java:43)- Resolving eureka endpoints via configuration
2022-04-15 21:38:15,785 INFO (ConfigClusterResolver.java:43)- Resolving eureka endpoints via configuration
2022-04-15 21:43:15,797 INFO (ConfigClusterResolver.java:43)- Resolving eureka endpoints via configuration
2022-04-15 21:46:48,603 INFO (EurekaServiceRegistry.java:65)- Unregistering application MEDIA with eureka with status DOWN
2022-04-15 21:46:48,650 WARN (DiscoveryClient.java:1321)- Saw local status change event StatusChangeEvent [timestamp=1650073608649, current=DOWN, previous=UP]
2022-04-15 21:46:48,681 INFO (DiscoveryClient.java:844)- DiscoveryClient_MEDIA/10.0.0.114:media:9006: registering service...
2022-04-15 21:46:48,845 INFO (DiscoveryClient.java:853)- DiscoveryClient_MEDIA/10.0.0.114:media:9006 - registration status: 204
2022-04-15 21:46:49,467 INFO (ExecutorConfigurationSupport.java:208)- Shutting down ExecutorService 'applicationTaskExecutor'
2022-04-15 21:46:49,969 INFO (AbstractEntityManagerFactoryBean.java:597)- Closing JPA EntityManagerFactory for persistence unit 'default'
2022-04-15 21:46:50,091 INFO (HikariDataSource.java:350)- HikariPool-1 - Shutdown initiated...
2022-04-15 21:46:50,100 INFO (HikariDataSource.java:352)- HikariPool-1 - Shutdown completed.
2022-04-15 21:46:50,106 INFO (DiscoveryClient.java:906)- Shutting down DiscoveryClient ...
2022-04-15 21:46:53,110 INFO (DiscoveryClient.java:940)- Unregistering ...
2022-04-15 21:46:53,153 INFO (DiscoveryClient.java:942)- DiscoveryClient_MEDIA/10.0.0.114:media:9006 - deregister  status: 200
2022-04-15 21:46:53,401 INFO (DiscoveryClient.java:929)- Completed shut down of DiscoveryClient
2022-04-15 21:47:44,939 INFO (SpringApplication.java:679)- The following profiles are active: test
2022-04-15 21:47:46,075 INFO (RepositoryConfigurationDelegate.java:244)- Multiple Spring Data modules found, entering strict repository configuration mode!
2022-04-15 21:47:46,076 INFO (RepositoryConfigurationDelegate.java:126)- Bootstrapping Spring Data repositories in DEFAULT mode.
2022-04-15 21:47:46,137 INFO (RepositoryConfigurationExtensionSupport.java:363)- Spring Data JPA - Could not safely identify store assignment for repository candidate interface com.tianci.media.dao.MediaSystemRepository.
2022-04-15 21:47:46,137 INFO (RepositoryConfigurationDelegate.java:182)- Finished Spring Data repository scanning in 50ms. Found 0 repository interfaces.
2022-04-15 21:47:46,163 INFO (RepositoryConfigurationDelegate.java:244)- Multiple Spring Data modules found, entering strict repository configuration mode!
2022-04-15 21:47:46,164 INFO (RepositoryConfigurationDelegate.java:126)- Bootstrapping Spring Data repositories in DEFAULT mode.
2022-04-15 21:47:46,240 INFO (RepositoryConfigurationDelegate.java:182)- Finished Spring Data repository scanning in 76ms. Found 1 repository interfaces.
2022-04-15 21:47:46,272 INFO (RepositoryConfigurationDelegate.java:244)- Multiple Spring Data modules found, entering strict repository configuration mode!
2022-04-15 21:47:46,276 INFO (RepositoryConfigurationDelegate.java:126)- Bootstrapping Spring Data repositories in DEFAULT mode.
2022-04-15 21:47:46,304 INFO (RepositoryConfigurationExtensionSupport.java:363)- Spring Data Redis - Could not safely identify store assignment for repository candidate interface com.tianci.media.dao.MediaSystemRepository.
2022-04-15 21:47:46,305 INFO (RepositoryConfigurationDelegate.java:182)- Finished Spring Data repository scanning in 8ms. Found 0 repository interfaces.
2022-04-15 21:47:46,748 INFO (GenericScope.java:295)- BeanFactory id=b35db6e0-0bf9-349b-b8fa-34edc0fe7652
2022-04-15 21:47:46,976 INFO (PostProcessorRegistrationDelegate.java:330)- Bean 'org.springframework.transaction.annotation.ProxyTransactionManagementConfiguration' of type [org.springframework.transaction.annotation.ProxyTransactionManagementConfiguration$$EnhancerBySpringCGLIB$$a9ecb2f0] is not eligible for getting processed by all BeanPostProcessors (for example: not eligible for auto-proxying)
2022-04-15 21:47:47,620 INFO (TomcatWebServer.java:90)- Tomcat initialized with port(s): 9006 (http)
2022-04-15 21:47:47,638 INFO (DirectJDKLog.java:173)- Initializing ProtocolHandler ["http-nio-9006"]
2022-04-15 21:47:47,651 INFO (DirectJDKLog.java:173)- Starting service [Tomcat]
2022-04-15 21:47:47,651 INFO (DirectJDKLog.java:173)- Starting Servlet engine: [Apache Tomcat/9.0.19]
2022-04-15 21:47:47,806 INFO (DirectJDKLog.java:173)- Initializing Spring embedded WebApplicationContext
2022-04-15 21:47:47,806 INFO (ServletWebServerApplicationContext.java:296)- Root WebApplicationContext: initialization completed in 2847 ms
2022-04-15 21:47:48,626 INFO (HikariDataSource.java:110)- HikariPool-1 - Starting...
2022-04-15 21:47:48,888 INFO (HikariDataSource.java:123)- HikariPool-1 - Start completed.
2022-04-15 21:47:48,960 INFO (LogHelper.java:31)- HHH000204: Processing PersistenceUnitInfo [
	name: default
	...]
2022-04-15 21:47:49,081 INFO (Version.java:46)- HHH000412: Hibernate Core {5.3.10.Final}
2022-04-15 21:47:49,084 INFO (Environment.java:213)- HHH000206: hibernate.properties not found
2022-04-15 21:47:49,336 INFO (JavaReflectionManager.java:49)- HCANN000001: Hibernate Commons Annotations {5.0.4.Final}
2022-04-15 21:47:49,579 INFO (Dialect.java:157)- HHH000400: Using dialect: org.hibernate.dialect.MySQL5Dialect
2022-04-15 21:47:49,826 INFO (AbstractEntityManagerFactoryBean.java:415)- Initialized JPA EntityManagerFactory for persistence unit 'default'
2022-04-15 21:47:55,302 INFO (SLF4JLogger.java:71)- Cluster created with settings {hosts=[10.0.0.134:27017], mode=SINGLE, requiredClusterType=UNKNOWN, serverSelectionTimeout='30000 ms', maxWaitQueueSize=500}
2022-04-15 21:47:55,400 INFO (SLF4JLogger.java:71)- Opened connection [connectionId{localValue:1, serverValue:49}] to 10.0.0.134:27017
2022-04-15 21:47:55,412 INFO (SLF4JLogger.java:71)- Monitor thread successfully connected to server with description ServerDescription{address=10.0.0.134:27017, type=STANDALONE, state=CONNECTED, ok=true, version=ServerVersion{versionList=[5, 0, 6]}, minWireVersion=0, maxWireVersion=13, maxDocumentSize=16777216, logicalSessionTimeoutMinutes=30, roundTripTimeNanos=7061567}
2022-04-15 21:47:56,610 WARN (JpaBaseConfiguration.java:237)- spring.jpa.open-in-view is enabled by default. Therefore, database queries may be performed during view rendering. Explicitly configure spring.jpa.open-in-view to disable this warning
2022-04-15 21:47:56,877 INFO (PropertySourcedRequestMappingHandlerMapping.java:69)- Mapped URL path [/v2/api-docs] onto method [public org.springframework.http.ResponseEntity<springfox.documentation.spring.web.json.Json> springfox.documentation.swagger2.web.Swagger2Controller.getDocumentation(java.lang.String,javax.servlet.http.HttpServletRequest)]
2022-04-15 21:47:56,928 WARN (URLConfigurationSource.java:121)- No URLs will be polled as dynamic configuration sources.
2022-04-15 21:47:56,929 INFO (URLConfigurationSource.java:122)- To enable URLs as dynamic configuration sources, define System property archaius.configurationSource.additionalUrls or make config.properties available on classpath.
2022-04-15 21:47:56,937 WARN (URLConfigurationSource.java:121)- No URLs will be polled as dynamic configuration sources.
2022-04-15 21:47:56,938 INFO (URLConfigurationSource.java:122)- To enable URLs as dynamic configuration sources, define System property archaius.configurationSource.additionalUrls or make config.properties available on classpath.
2022-04-15 21:47:57,193 INFO (ExecutorConfigurationSupport.java:171)- Initializing ExecutorService 'applicationTaskExecutor'
2022-04-15 21:47:58,213 INFO (InstanceInfoFactory.java:72)- Setting initial instance status as: STARTING
2022-04-15 21:47:58,268 INFO (DiscoveryClient.java:365)- Initializing Eureka in region us-east-1
2022-04-15 21:47:58,409 INFO (DiscoveryJerseyProvider.java:70)- Using JSON encoding codec LegacyJacksonJson
2022-04-15 21:47:58,410 INFO (DiscoveryJerseyProvider.java:71)- Using JSON decoding codec LegacyJacksonJson
2022-04-15 21:47:58,653 INFO (DiscoveryJerseyProvider.java:80)- Using XML encoding codec XStreamXml
2022-04-15 21:47:58,653 INFO (DiscoveryJerseyProvider.java:81)- Using XML decoding codec XStreamXml
2022-04-15 21:47:59,224 INFO (ConfigClusterResolver.java:43)- Resolving eureka endpoints via configuration
2022-04-15 21:47:59,252 INFO (DiscoveryClient.java:976)- Disable delta property : false
2022-04-15 21:47:59,252 INFO (DiscoveryClient.java:977)- Single vip registry refresh property : null
2022-04-15 21:47:59,253 INFO (DiscoveryClient.java:978)- Force full registry fetch : false
2022-04-15 21:47:59,253 INFO (DiscoveryClient.java:979)- Application is null : false
2022-04-15 21:47:59,253 INFO (DiscoveryClient.java:980)- Registered Applications size is zero : true
2022-04-15 21:47:59,254 INFO (DiscoveryClient.java:982)- Application version is -1: true
2022-04-15 21:47:59,254 INFO (DiscoveryClient.java:1065)- Getting all instance registry info from the eureka server
2022-04-15 21:47:59,556 INFO (DiscoveryClient.java:1074)- The response status is 200
2022-04-15 21:47:59,560 INFO (DiscoveryClient.java:1288)- Starting heartbeat executor: renew interval is: 30
2022-04-15 21:47:59,564 INFO (InstanceInfoReplicator.java:60)- InstanceInfoReplicator onDemand update allowed rate per min is 4
2022-04-15 21:47:59,569 INFO (DiscoveryClient.java:465)- Discovery Client initialized at timestamp 1650073679567 with initial instances count: 1
2022-04-15 21:47:59,573 INFO (EurekaServiceRegistry.java:41)- Registering application MEDIA with eureka with status UP
2022-04-15 21:47:59,575 INFO (DiscoveryClient.java:1323)- Saw local status change event StatusChangeEvent [timestamp=1650073679575, current=UP, previous=STARTING]
2022-04-15 21:47:59,578 INFO (DiscoveryClient.java:844)- DiscoveryClient_MEDIA/10.0.0.114:media:9006: registering service...
2022-04-15 21:47:59,578 INFO (DocumentationPluginsBootstrapper.java:147)- Context refreshed
2022-04-15 21:47:59,605 INFO (DocumentationPluginsBootstrapper.java:150)- Found 1 custom documentation plugin(s)
2022-04-15 21:47:59,640 INFO (DiscoveryClient.java:853)- DiscoveryClient_MEDIA/10.0.0.114:media:9006 - registration status: 204
2022-04-15 21:47:59,663 INFO (ApiListingReferenceScanner.java:41)- Scanning for api listing references
2022-04-15 21:47:59,907 INFO (DirectJDKLog.java:173)- Starting ProtocolHandler ["http-nio-9006"]
2022-04-15 21:47:59,954 INFO (TomcatWebServer.java:204)- Tomcat started on port(s): 9006 (http) with context path ''
2022-04-15 21:47:59,955 INFO (EurekaAutoServiceRegistration.java:145)- Updating port to 9006
2022-04-15 21:47:59,960 INFO (StartupInfoLogger.java:59)- Started MediaJarApplication in 36.539 seconds (JVM running for 43.21)
2022-04-15 21:52:59,261 INFO (ConfigClusterResolver.java:43)- Resolving eureka endpoints via configuration
2022-04-15 22:13:08,059 INFO (ConfigClusterResolver.java:43)- Resolving eureka endpoints via configuration
2022-04-15 22:13:12,321 INFO (SLF4JLogger.java:71)- Opened connection [connectionId{localValue:2, serverValue:50}] to 10.0.0.134:27017
2022-04-15 22:13:26,602 WARN (HikariPool.java:766)- HikariPool-1 - Thread starvation or clock leap detected (housekeeper delta=15m37s101ms).
2022-04-15 22:17:28,241 INFO (DirectJDKLog.java:173)- Initializing Spring DispatcherServlet 'dispatcherServlet'
2022-04-15 22:17:28,247 INFO (FrameworkServlet.java:524)- Initializing Servlet 'dispatcherServlet'
2022-04-15 22:17:28,387 INFO (FrameworkServlet.java:546)- Completed initialization in 138 ms
2022-04-15 22:18:17,462 INFO (ConfigClusterResolver.java:43)- Resolving eureka endpoints via configuration
2022-04-15 22:18:17,804 INFO (SLF4JLogger.java:71)- Opened connection [connectionId{localValue:3, serverValue:53}] to 10.0.0.134:27017
2022-04-15 22:23:17,503 INFO (ConfigClusterResolver.java:43)- Resolving eureka endpoints via configuration
2022-04-15 22:28:17,564 INFO (ConfigClusterResolver.java:43)- Resolving eureka endpoints via configuration
2022-04-15 22:30:10,965 WARN (TimedSupervisorTask.java:71)- task supervisor timed out
java.util.concurrent.TimeoutException: null
	at java.util.concurrent.FutureTask.get(FutureTask.java:205)
	at com.netflix.discovery.TimedSupervisorTask.run(TimedSupervisorTask.java:66)
	at java.util.concurrent.Executors$RunnableAdapter.call(Executors.java:511)
	at java.util.concurrent.FutureTask.run$$$capture(FutureTask.java:266)
	at java.util.concurrent.FutureTask.run(FutureTask.java)
	at java.util.concurrent.ScheduledThreadPoolExecutor$ScheduledFutureTask.access$201(ScheduledThreadPoolExecutor.java:180)
	at java.util.concurrent.ScheduledThreadPoolExecutor$ScheduledFutureTask.run(ScheduledThreadPoolExecutor.java:293)
	at java.util.concurrent.ThreadPoolExecutor.runWorker(ThreadPoolExecutor.java:1149)
	at java.util.concurrent.ThreadPoolExecutor$Worker.run(ThreadPoolExecutor.java:624)
	at java.lang.Thread.run(Thread.java:750)
2022-04-15 22:30:10,966 WARN (TimedSupervisorTask.java:71)- task supervisor timed out
java.util.concurrent.TimeoutException: null
	at java.util.concurrent.FutureTask.get(FutureTask.java:205)
	at com.netflix.discovery.TimedSupervisorTask.run(TimedSupervisorTask.java:66)
	at java.util.concurrent.Executors$RunnableAdapter.call(Executors.java:511)
	at java.util.concurrent.FutureTask.run$$$capture(FutureTask.java:266)
	at java.util.concurrent.FutureTask.run(FutureTask.java)
	at java.util.concurrent.ScheduledThreadPoolExecutor$ScheduledFutureTask.access$201(ScheduledThreadPoolExecutor.java:180)
	at java.util.concurrent.ScheduledThreadPoolExecutor$ScheduledFutureTask.run(ScheduledThreadPoolExecutor.java:293)
	at java.util.concurrent.ThreadPoolExecutor.runWorker(ThreadPoolExecutor.java:1149)
	at java.util.concurrent.ThreadPoolExecutor$Worker.run(ThreadPoolExecutor.java:624)
	at java.lang.Thread.run(Thread.java:750)
2022-04-15 22:30:22,120 WARN (HikariPool.java:766)- HikariPool-1 - Thread starvation or clock leap detected (housekeeper delta=45s391ms).
2022-04-15 22:31:29,804 INFO (EpollProvider.java:68)- Starting without optional epoll library
2022-04-15 22:31:29,859 INFO (KqueueProvider.java:70)- Starting without optional kqueue library
2022-04-15 22:32:03,125 INFO (ImageServiceImpl.java:121)- success{"predicted": "Field Tote"}
2022-04-15 22:32:43,050 INFO (EurekaServiceRegistry.java:65)- Unregistering application MEDIA with eureka with status DOWN
2022-04-15 22:32:43,071 WARN (DiscoveryClient.java:1321)- Saw local status change event StatusChangeEvent [timestamp=1650076363070, current=DOWN, previous=UP]
2022-04-15 22:32:43,075 INFO (DiscoveryClient.java:844)- DiscoveryClient_MEDIA/10.0.0.114:media:9006: registering service...
2022-04-15 22:32:43,188 INFO (DiscoveryClient.java:853)- DiscoveryClient_MEDIA/10.0.0.114:media:9006 - registration status: 204
2022-04-15 22:32:43,239 INFO (ExecutorConfigurationSupport.java:208)- Shutting down ExecutorService 'applicationTaskExecutor'
2022-04-15 22:32:43,324 INFO (SLF4JLogger.java:71)- Closed connection [connectionId{localValue:3, serverValue:53}] to 10.0.0.134:27017 because the pool has been closed.
2022-04-15 22:32:43,342 INFO (AbstractEntityManagerFactoryBean.java:597)- Closing JPA EntityManagerFactory for persistence unit 'default'
2022-04-15 22:32:43,457 INFO (HikariDataSource.java:350)- HikariPool-1 - Shutdown initiated...
2022-04-15 22:32:43,490 INFO (HikariDataSource.java:352)- HikariPool-1 - Shutdown completed.
2022-04-15 22:32:44,907 INFO (DiscoveryClient.java:906)- Shutting down DiscoveryClient ...
2022-04-15 22:32:47,910 INFO (DiscoveryClient.java:940)- Unregistering ...
2022-04-15 22:32:47,935 INFO (DiscoveryClient.java:942)- DiscoveryClient_MEDIA/10.0.0.114:media:9006 - deregister  status: 200
2022-04-15 22:32:48,047 INFO (DiscoveryClient.java:929)- Completed shut down of DiscoveryClient
2022-04-15 22:33:22,542 INFO (SpringApplication.java:679)- The following profiles are active: test
2022-04-15 22:33:24,183 INFO (RepositoryConfigurationDelegate.java:244)- Multiple Spring Data modules found, entering strict repository configuration mode!
2022-04-15 22:33:24,183 INFO (RepositoryConfigurationDelegate.java:126)- Bootstrapping Spring Data repositories in DEFAULT mode.
2022-04-15 22:33:24,244 INFO (RepositoryConfigurationExtensionSupport.java:363)- Spring Data JPA - Could not safely identify store assignment for repository candidate interface com.tianci.media.dao.MediaSystemRepository.
2022-04-15 22:33:24,244 INFO (RepositoryConfigurationDelegate.java:182)- Finished Spring Data repository scanning in 50ms. Found 0 repository interfaces.
2022-04-15 22:33:24,289 INFO (RepositoryConfigurationDelegate.java:244)- Multiple Spring Data modules found, entering strict repository configuration mode!
2022-04-15 22:33:24,290 INFO (RepositoryConfigurationDelegate.java:126)- Bootstrapping Spring Data repositories in DEFAULT mode.
2022-04-15 22:33:24,357 INFO (RepositoryConfigurationDelegate.java:182)- Finished Spring Data repository scanning in 66ms. Found 1 repository interfaces.
2022-04-15 22:33:24,382 INFO (RepositoryConfigurationDelegate.java:244)- Multiple Spring Data modules found, entering strict repository configuration mode!
2022-04-15 22:33:24,385 INFO (RepositoryConfigurationDelegate.java:126)- Bootstrapping Spring Data repositories in DEFAULT mode.
2022-04-15 22:33:24,423 INFO (RepositoryConfigurationExtensionSupport.java:363)- Spring Data Redis - Could not safely identify store assignment for repository candidate interface com.tianci.media.dao.MediaSystemRepository.
2022-04-15 22:33:24,424 INFO (RepositoryConfigurationDelegate.java:182)- Finished Spring Data repository scanning in 19ms. Found 0 repository interfaces.
2022-04-15 22:33:25,046 INFO (GenericScope.java:295)- BeanFactory id=b35db6e0-0bf9-349b-b8fa-34edc0fe7652
2022-04-15 22:33:25,344 INFO (PostProcessorRegistrationDelegate.java:330)- Bean 'org.springframework.transaction.annotation.ProxyTransactionManagementConfiguration' of type [org.springframework.transaction.annotation.ProxyTransactionManagementConfiguration$$EnhancerBySpringCGLIB$$97cfbe53] is not eligible for getting processed by all BeanPostProcessors (for example: not eligible for auto-proxying)
2022-04-15 22:33:26,441 INFO (TomcatWebServer.java:90)- Tomcat initialized with port(s): 9006 (http)
2022-04-15 22:33:26,473 INFO (DirectJDKLog.java:173)- Initializing ProtocolHandler ["http-nio-9006"]
2022-04-15 22:33:26,505 INFO (DirectJDKLog.java:173)- Starting service [Tomcat]
2022-04-15 22:33:26,506 INFO (DirectJDKLog.java:173)- Starting Servlet engine: [Apache Tomcat/9.0.19]
2022-04-15 22:33:26,803 INFO (DirectJDKLog.java:173)- Initializing Spring embedded WebApplicationContext
2022-04-15 22:33:26,804 INFO (ServletWebServerApplicationContext.java:296)- Root WebApplicationContext: initialization completed in 4241 ms
2022-04-15 22:33:27,678 INFO (HikariDataSource.java:110)- HikariPool-1 - Starting...
2022-04-15 22:33:27,998 INFO (HikariDataSource.java:123)- HikariPool-1 - Start completed.
2022-04-15 22:33:28,081 INFO (LogHelper.java:31)- HHH000204: Processing PersistenceUnitInfo [
	name: default
	...]
2022-04-15 22:33:28,244 INFO (Version.java:46)- HHH000412: Hibernate Core {5.3.10.Final}
2022-04-15 22:33:28,248 INFO (Environment.java:213)- HHH000206: hibernate.properties not found
2022-04-15 22:33:28,555 INFO (JavaReflectionManager.java:49)- HCANN000001: Hibernate Commons Annotations {5.0.4.Final}
2022-04-15 22:33:28,753 INFO (Dialect.java:157)- HHH000400: Using dialect: org.hibernate.dialect.MySQL5Dialect
2022-04-15 22:33:28,994 INFO (AbstractEntityManagerFactoryBean.java:415)- Initialized JPA EntityManagerFactory for persistence unit 'default'
2022-04-15 22:33:34,938 INFO (SLF4JLogger.java:71)- Cluster created with settings {hosts=[10.0.0.134:27017], mode=SINGLE, requiredClusterType=UNKNOWN, serverSelectionTimeout='30000 ms', maxWaitQueueSize=500}
2022-04-15 22:33:35,043 INFO (SLF4JLogger.java:71)- Opened connection [connectionId{localValue:1, serverValue:57}] to 10.0.0.134:27017
2022-04-15 22:33:35,058 INFO (SLF4JLogger.java:71)- Monitor thread successfully connected to server with description ServerDescription{address=10.0.0.134:27017, type=STANDALONE, state=CONNECTED, ok=true, version=ServerVersion{versionList=[5, 0, 6]}, minWireVersion=0, maxWireVersion=13, maxDocumentSize=16777216, logicalSessionTimeoutMinutes=30, roundTripTimeNanos=8729137}
2022-04-15 22:33:38,953 WARN (JpaBaseConfiguration.java:237)- spring.jpa.open-in-view is enabled by default. Therefore, database queries may be performed during view rendering. Explicitly configure spring.jpa.open-in-view to disable this warning
2022-04-15 22:33:39,175 INFO (PropertySourcedRequestMappingHandlerMapping.java:69)- Mapped URL path [/v2/api-docs] onto method [public org.springframework.http.ResponseEntity<springfox.documentation.spring.web.json.Json> springfox.documentation.swagger2.web.Swagger2Controller.getDocumentation(java.lang.String,javax.servlet.http.HttpServletRequest)]
2022-04-15 22:33:39,239 WARN (URLConfigurationSource.java:121)- No URLs will be polled as dynamic configuration sources.
2022-04-15 22:33:39,241 INFO (URLConfigurationSource.java:122)- To enable URLs as dynamic configuration sources, define System property archaius.configurationSource.additionalUrls or make config.properties available on classpath.
2022-04-15 22:33:39,254 WARN (URLConfigurationSource.java:121)- No URLs will be polled as dynamic configuration sources.
2022-04-15 22:33:39,254 INFO (URLConfigurationSource.java:122)- To enable URLs as dynamic configuration sources, define System property archaius.configurationSource.additionalUrls or make config.properties available on classpath.
2022-04-15 22:33:39,743 INFO (ExecutorConfigurationSupport.java:171)- Initializing ExecutorService 'applicationTaskExecutor'
2022-04-15 22:33:41,185 INFO (InstanceInfoFactory.java:72)- Setting initial instance status as: STARTING
2022-04-15 22:33:41,240 INFO (DiscoveryClient.java:365)- Initializing Eureka in region us-east-1
2022-04-15 22:33:41,356 INFO (DiscoveryJerseyProvider.java:70)- Using JSON encoding codec LegacyJacksonJson
2022-04-15 22:33:41,357 INFO (DiscoveryJerseyProvider.java:71)- Using JSON decoding codec LegacyJacksonJson
2022-04-15 22:33:41,603 INFO (DiscoveryJerseyProvider.java:80)- Using XML encoding codec XStreamXml
2022-04-15 22:33:41,604 INFO (DiscoveryJerseyProvider.java:81)- Using XML decoding codec XStreamXml
2022-04-15 22:33:42,076 INFO (ConfigClusterResolver.java:43)- Resolving eureka endpoints via configuration
2022-04-15 22:33:42,126 INFO (DiscoveryClient.java:976)- Disable delta property : false
2022-04-15 22:33:42,126 INFO (DiscoveryClient.java:977)- Single vip registry refresh property : null
2022-04-15 22:33:42,127 INFO (DiscoveryClient.java:978)- Force full registry fetch : false
2022-04-15 22:33:42,127 INFO (DiscoveryClient.java:979)- Application is null : false
2022-04-15 22:33:42,128 INFO (DiscoveryClient.java:980)- Registered Applications size is zero : true
2022-04-15 22:33:42,128 INFO (DiscoveryClient.java:982)- Application version is -1: true
2022-04-15 22:33:42,128 INFO (DiscoveryClient.java:1065)- Getting all instance registry info from the eureka server
2022-04-15 22:33:42,402 INFO (DiscoveryClient.java:1074)- The response status is 200
2022-04-15 22:33:42,405 INFO (DiscoveryClient.java:1288)- Starting heartbeat executor: renew interval is: 30
2022-04-15 22:33:42,408 INFO (InstanceInfoReplicator.java:60)- InstanceInfoReplicator onDemand update allowed rate per min is 4
2022-04-15 22:33:42,413 INFO (DiscoveryClient.java:465)- Discovery Client initialized at timestamp 1650076422412 with initial instances count: 1
2022-04-15 22:33:42,417 INFO (EurekaServiceRegistry.java:41)- Registering application MEDIA with eureka with status UP
2022-04-15 22:33:42,418 INFO (DiscoveryClient.java:1323)- Saw local status change event StatusChangeEvent [timestamp=1650076422418, current=UP, previous=STARTING]
2022-04-15 22:33:42,420 INFO (DiscoveryClient.java:844)- DiscoveryClient_MEDIA/10.0.0.114:media:9006: registering service...
2022-04-15 22:33:42,420 INFO (DocumentationPluginsBootstrapper.java:147)- Context refreshed
2022-04-15 22:33:42,444 INFO (DocumentationPluginsBootstrapper.java:150)- Found 1 custom documentation plugin(s)
2022-04-15 22:33:42,505 INFO (ApiListingReferenceScanner.java:41)- Scanning for api listing references
2022-04-15 22:33:42,588 INFO (DiscoveryClient.java:853)- DiscoveryClient_MEDIA/10.0.0.114:media:9006 - registration status: 204
2022-04-15 22:33:42,736 INFO (DirectJDKLog.java:173)- Starting ProtocolHandler ["http-nio-9006"]
2022-04-15 22:33:42,790 INFO (TomcatWebServer.java:204)- Tomcat started on port(s): 9006 (http) with context path ''
2022-04-15 22:33:42,791 INFO (EurekaAutoServiceRegistration.java:145)- Updating port to 9006
2022-04-15 22:33:42,799 INFO (StartupInfoLogger.java:59)- Started MediaJarApplication in 41.48 seconds (JVM running for 48.675)
2022-04-15 22:33:56,484 INFO (DirectJDKLog.java:173)- Initializing Spring DispatcherServlet 'dispatcherServlet'
2022-04-15 22:33:56,485 INFO (FrameworkServlet.java:524)- Initializing Servlet 'dispatcherServlet'
2022-04-15 22:33:56,508 INFO (FrameworkServlet.java:546)- Completed initialization in 22 ms
2022-04-15 22:33:57,092 INFO (EpollProvider.java:68)- Starting without optional epoll library
2022-04-15 22:33:57,095 INFO (KqueueProvider.java:70)- Starting without optional kqueue library
2022-04-15 22:34:02,963 INFO (SLF4JLogger.java:71)- Opened connection [connectionId{localValue:2, serverValue:58}] to 10.0.0.134:27017
2022-04-15 22:34:05,262 INFO (ImageServiceImpl.java:121)- success{"predicted": "Field Tote"}
2022-04-15 22:35:35,765 INFO (ImageServiceImpl.java:121)- success{"predicted": "GG Marmont matelasse\u2560\u00fc shoulder bag"}
2022-04-15 22:38:42,148 INFO (ConfigClusterResolver.java:43)- Resolving eureka endpoints via configuration
2022-04-15 22:39:55,654 INFO (ImageServiceImpl.java:121)- success{"predicted": "Field Tote"}
2022-04-15 22:43:42,092 INFO (ConfigClusterResolver.java:43)- Resolving eureka endpoints via configuration
2022-04-15 22:48:42,099 INFO (ConfigClusterResolver.java:43)- Resolving eureka endpoints via configuration
2022-04-15 22:53:42,098 INFO (ConfigClusterResolver.java:43)- Resolving eureka endpoints via configuration
2022-04-15 23:23:55,186 INFO (SLF4JLogger.java:71)- Opened connection [connectionId{localValue:3, serverValue:59}] to 10.0.0.134:27017
2022-04-15 23:24:14,143 INFO (SLF4JLogger.java:71)- Closed connection [connectionId{localValue:2, serverValue:58}] to 10.0.0.134:27017 because there was a socket exception raised on another connection from this pool.
2022-04-15 23:24:14,179 INFO (SLF4JLogger.java:71)- Opened connection [connectionId{localValue:4, serverValue:62}] to 10.0.0.134:27017
2022-04-15 23:24:15,989 WARN (HikariPool.java:766)- HikariPool-1 - Thread starvation or clock leap detected (housekeeper delta=29m47s694ms).
2022-04-15 23:27:59,837 INFO (ConfigClusterResolver.java:43)- Resolving eureka endpoints via configuration
2022-04-15 23:32:59,844 INFO (ConfigClusterResolver.java:43)- Resolving eureka endpoints via configuration
