2022-04-14 01:16:15,576 INFO (SpringApplication.java:679)- The following profiles are active: test
2022-04-14 01:16:16,908 INFO (RepositoryConfigurationDelegate.java:244)- Multiple Spring Data modules found, entering strict repository configuration mode!
2022-04-14 01:16:16,911 INFO (RepositoryConfigurationDelegate.java:126)- Bootstrapping Spring Data repositories in DEFAULT mode.
2022-04-14 01:16:17,028 INFO (RepositoryConfigurationExtensionSupport.java:363)- Spring Data JPA - Could not safely identify store assignment for repository candidate interface com.tianci.media.dao.MediaSystemRepository.
2022-04-14 01:16:17,029 INFO (RepositoryConfigurationDelegate.java:182)- Finished Spring Data repository scanning in 80ms. Found 0 repository interfaces.
2022-04-14 01:16:17,064 INFO (RepositoryConfigurationDelegate.java:244)- Multiple Spring Data modules found, entering strict repository configuration mode!
2022-04-14 01:16:17,065 INFO (RepositoryConfigurationDelegate.java:126)- Bootstrapping Spring Data repositories in DEFAULT mode.
2022-04-14 01:16:17,466 INFO (RepositoryConfigurationDelegate.java:182)- Finished Spring Data repository scanning in 401ms. Found 1 repository interfaces.
2022-04-14 01:16:17,485 INFO (RepositoryConfigurationDelegate.java:244)- Multiple Spring Data modules found, entering strict repository configuration mode!
2022-04-14 01:16:17,488 INFO (RepositoryConfigurationDelegate.java:126)- Bootstrapping Spring Data repositories in DEFAULT mode.
2022-04-14 01:16:17,515 INFO (RepositoryConfigurationExtensionSupport.java:363)- Spring Data Redis - Could not safely identify store assignment for repository candidate interface com.tianci.media.dao.MediaSystemRepository.
2022-04-14 01:16:17,515 INFO (RepositoryConfigurationDelegate.java:182)- Finished Spring Data repository scanning in 9ms. Found 0 repository interfaces.
2022-04-14 01:16:18,193 INFO (GenericScope.java:295)- BeanFactory id=94df4b8b-9b8e-3886-abcf-1c2d10fedc46
2022-04-14 01:16:18,534 INFO (PostProcessorRegistrationDelegate.java:330)- Bean 'org.springframework.transaction.annotation.ProxyTransactionManagementConfiguration' of type [org.springframework.transaction.annotation.ProxyTransactionManagementConfiguration$$EnhancerBySpringCGLIB$$869c5d8] is not eligible for getting processed by all BeanPostProcessors (for example: not eligible for auto-proxying)
2022-04-14 01:16:19,190 INFO (HikariDataSource.java:110)- HikariPool-1 - Starting...
2022-04-14 01:16:19,607 INFO (HikariDataSource.java:123)- HikariPool-1 - Start completed.
2022-04-14 01:16:19,749 INFO (LogHelper.java:31)- HHH000204: Processing PersistenceUnitInfo [
	name: default
	...]
2022-04-14 01:16:19,893 INFO (Version.java:46)- HHH000412: Hibernate Core {5.3.10.Final}
2022-04-14 01:16:19,898 INFO (Environment.java:213)- HHH000206: hibernate.properties not found
2022-04-14 01:16:20,212 INFO (JavaReflectionManager.java:49)- HCANN000001: Hibernate Commons Annotations {5.0.4.Final}
2022-04-14 01:16:20,466 INFO (Dialect.java:157)- HHH000400: Using dialect: org.hibernate.dialect.MySQL5Dialect
2022-04-14 01:16:20,843 INFO (AbstractEntityManagerFactoryBean.java:415)- Initialized JPA EntityManagerFactory for persistence unit 'default'
2022-04-14 01:16:26,897 INFO (SLF4JLogger.java:71)- Cluster created with settings {hosts=[10.0.0.134:27017], mode=SINGLE, requiredClusterType=UNKNOWN, serverSelectionTimeout='30000 ms', maxWaitQueueSize=500}
2022-04-14 01:16:27,042 INFO (SLF4JLogger.java:71)- Opened connection [connectionId{localValue:1, serverValue:164}] to 10.0.0.134:27017
2022-04-14 01:16:27,059 INFO (SLF4JLogger.java:71)- Monitor thread successfully connected to server with description ServerDescription{address=10.0.0.134:27017, type=STANDALONE, state=CONNECTED, ok=true, version=ServerVersion{versionList=[5, 0, 6]}, minWireVersion=0, maxWireVersion=13, maxDocumentSize=16777216, logicalSessionTimeoutMinutes=30, roundTripTimeNanos=5704707}
2022-04-14 01:16:29,037 WARN (JpaBaseConfiguration.java:237)- spring.jpa.open-in-view is enabled by default. Therefore, database queries may be performed during view rendering. Explicitly configure spring.jpa.open-in-view to disable this warning
2022-04-14 01:16:29,665 INFO (PropertySourcedRequestMappingHandlerMapping.java:69)- Mapped URL path [/v2/api-docs] onto method [public org.springframework.http.ResponseEntity<springfox.documentation.spring.web.json.Json> springfox.documentation.swagger2.web.Swagger2Controller.getDocumentation(java.lang.String,javax.servlet.http.HttpServletRequest)]
2022-04-14 01:16:30,672 WARN (URLConfigurationSource.java:121)- No URLs will be polled as dynamic configuration sources.
2022-04-14 01:16:30,673 INFO (URLConfigurationSource.java:122)- To enable URLs as dynamic configuration sources, define System property archaius.configurationSource.additionalUrls or make config.properties available on classpath.
2022-04-14 01:16:30,688 WARN (URLConfigurationSource.java:121)- No URLs will be polled as dynamic configuration sources.
2022-04-14 01:16:30,689 INFO (URLConfigurationSource.java:122)- To enable URLs as dynamic configuration sources, define System property archaius.configurationSource.additionalUrls or make config.properties available on classpath.
2022-04-14 01:16:31,284 INFO (ExecutorConfigurationSupport.java:171)- Initializing ExecutorService 'applicationTaskExecutor'
2022-04-14 01:16:33,111 INFO (DocumentationPluginsBootstrapper.java:147)- Context refreshed
2022-04-14 01:16:33,145 INFO (DocumentationPluginsBootstrapper.java:150)- Found 1 custom documentation plugin(s)
2022-04-14 01:16:33,214 INFO (ApiListingReferenceScanner.java:41)- Scanning for api listing references
2022-04-14 01:16:33,490 INFO (StartupInfoLogger.java:59)- Started RedisTest in 39.352 seconds (JVM running for 42.023)
2022-04-14 01:16:33,890 INFO (EpollProvider.java:68)- Starting without optional epoll library
2022-04-14 01:16:33,893 INFO (KqueueProvider.java:70)- Starting without optional kqueue library
2022-04-14 01:16:39,173 INFO (InstanceInfoFactory.java:72)- Setting initial instance status as: STARTING
2022-04-14 01:16:39,180 INFO (EurekaServiceRegistry.java:65)- Unregistering application MEDIA with eureka with status DOWN
2022-04-14 01:16:39,193 INFO (ExecutorConfigurationSupport.java:208)- Shutting down ExecutorService 'applicationTaskExecutor'
2022-04-14 01:16:40,350 INFO (AbstractEntityManagerFactoryBean.java:597)- Closing JPA EntityManagerFactory for persistence unit 'default'
2022-04-14 01:16:40,354 INFO (HikariDataSource.java:350)- HikariPool-1 - Shutdown initiated...
2022-04-14 01:16:40,364 INFO (HikariDataSource.java:352)- HikariPool-1 - Shutdown completed.
2022-04-14 01:19:58,885 INFO (SpringApplication.java:679)- The following profiles are active: test
2022-04-14 01:20:02,666 INFO (RepositoryConfigurationDelegate.java:244)- Multiple Spring Data modules found, entering strict repository configuration mode!
2022-04-14 01:20:02,717 INFO (RepositoryConfigurationDelegate.java:126)- Bootstrapping Spring Data repositories in DEFAULT mode.
2022-04-14 01:20:02,869 INFO (RepositoryConfigurationExtensionSupport.java:363)- Spring Data JPA - Could not safely identify store assignment for repository candidate interface com.tianci.media.dao.MediaSystemRepository.
2022-04-14 01:20:02,870 INFO (RepositoryConfigurationDelegate.java:182)- Finished Spring Data repository scanning in 137ms. Found 0 repository interfaces.
2022-04-14 01:20:02,963 INFO (RepositoryConfigurationDelegate.java:244)- Multiple Spring Data modules found, entering strict repository configuration mode!
2022-04-14 01:20:02,965 INFO (RepositoryConfigurationDelegate.java:126)- Bootstrapping Spring Data repositories in DEFAULT mode.
2022-04-14 01:20:03,486 INFO (RepositoryConfigurationDelegate.java:182)- Finished Spring Data repository scanning in 521ms. Found 1 repository interfaces.
2022-04-14 01:20:03,511 INFO (RepositoryConfigurationDelegate.java:244)- Multiple Spring Data modules found, entering strict repository configuration mode!
2022-04-14 01:20:03,531 INFO (RepositoryConfigurationDelegate.java:126)- Bootstrapping Spring Data repositories in DEFAULT mode.
2022-04-14 01:20:03,639 INFO (RepositoryConfigurationExtensionSupport.java:363)- Spring Data Redis - Could not safely identify store assignment for repository candidate interface com.tianci.media.dao.MediaSystemRepository.
2022-04-14 01:20:03,640 INFO (RepositoryConfigurationDelegate.java:182)- Finished Spring Data repository scanning in 9ms. Found 0 repository interfaces.
2022-04-14 01:20:04,767 INFO (GenericScope.java:295)- BeanFactory id=94df4b8b-9b8e-3886-abcf-1c2d10fedc46
2022-04-14 01:20:05,561 INFO (PostProcessorRegistrationDelegate.java:330)- Bean 'org.springframework.transaction.annotation.ProxyTransactionManagementConfiguration' of type [org.springframework.transaction.annotation.ProxyTransactionManagementConfiguration$$EnhancerBySpringCGLIB$$a9a57a13] is not eligible for getting processed by all BeanPostProcessors (for example: not eligible for auto-proxying)
2022-04-14 01:20:08,302 INFO (HikariDataSource.java:110)- HikariPool-1 - Starting...
2022-04-14 01:20:08,642 INFO (HikariDataSource.java:123)- HikariPool-1 - Start completed.
2022-04-14 01:20:08,792 INFO (LogHelper.java:31)- HHH000204: Processing PersistenceUnitInfo [
	name: default
	...]
2022-04-14 01:20:08,960 INFO (Version.java:46)- HHH000412: Hibernate Core {5.3.10.Final}
2022-04-14 01:20:08,964 INFO (Environment.java:213)- HHH000206: hibernate.properties not found
2022-04-14 01:20:09,258 INFO (JavaReflectionManager.java:49)- HCANN000001: Hibernate Commons Annotations {5.0.4.Final}
2022-04-14 01:20:09,502 INFO (Dialect.java:157)- HHH000400: Using dialect: org.hibernate.dialect.MySQL5Dialect
2022-04-14 01:20:09,841 INFO (AbstractEntityManagerFactoryBean.java:415)- Initialized JPA EntityManagerFactory for persistence unit 'default'
2022-04-14 01:20:15,634 INFO (SLF4JLogger.java:71)- Cluster created with settings {hosts=[10.0.0.134:27017], mode=SINGLE, requiredClusterType=UNKNOWN, serverSelectionTimeout='30000 ms', maxWaitQueueSize=500}
2022-04-14 01:20:15,756 INFO (SLF4JLogger.java:71)- Opened connection [connectionId{localValue:1, serverValue:165}] to 10.0.0.134:27017
2022-04-14 01:20:15,764 INFO (SLF4JLogger.java:71)- Monitor thread successfully connected to server with description ServerDescription{address=10.0.0.134:27017, type=STANDALONE, state=CONNECTED, ok=true, version=ServerVersion{versionList=[5, 0, 6]}, minWireVersion=0, maxWireVersion=13, maxDocumentSize=16777216, logicalSessionTimeoutMinutes=30, roundTripTimeNanos=5469734}
2022-04-14 01:20:17,876 WARN (JpaBaseConfiguration.java:237)- spring.jpa.open-in-view is enabled by default. Therefore, database queries may be performed during view rendering. Explicitly configure spring.jpa.open-in-view to disable this warning
2022-04-14 01:20:18,468 INFO (PropertySourcedRequestMappingHandlerMapping.java:69)- Mapped URL path [/v2/api-docs] onto method [public org.springframework.http.ResponseEntity<springfox.documentation.spring.web.json.Json> springfox.documentation.swagger2.web.Swagger2Controller.getDocumentation(java.lang.String,javax.servlet.http.HttpServletRequest)]
2022-04-14 01:20:20,255 WARN (URLConfigurationSource.java:121)- No URLs will be polled as dynamic configuration sources.
2022-04-14 01:20:20,256 INFO (URLConfigurationSource.java:122)- To enable URLs as dynamic configuration sources, define System property archaius.configurationSource.additionalUrls or make config.properties available on classpath.
2022-04-14 01:20:20,267 WARN (URLConfigurationSource.java:121)- No URLs will be polled as dynamic configuration sources.
2022-04-14 01:20:20,268 INFO (URLConfigurationSource.java:122)- To enable URLs as dynamic configuration sources, define System property archaius.configurationSource.additionalUrls or make config.properties available on classpath.
2022-04-14 01:20:20,788 INFO (ExecutorConfigurationSupport.java:171)- Initializing ExecutorService 'applicationTaskExecutor'
2022-04-14 01:20:22,541 INFO (DocumentationPluginsBootstrapper.java:147)- Context refreshed
2022-04-14 01:20:22,570 INFO (DocumentationPluginsBootstrapper.java:150)- Found 1 custom documentation plugin(s)
2022-04-14 01:20:22,645 INFO (ApiListingReferenceScanner.java:41)- Scanning for api listing references
2022-04-14 01:20:22,912 INFO (StartupInfoLogger.java:59)- Started RedisTest in 45.424 seconds (JVM running for 47.77)
2022-04-14 01:20:23,385 INFO (EpollProvider.java:68)- Starting without optional epoll library
2022-04-14 01:20:23,390 INFO (KqueueProvider.java:70)- Starting without optional kqueue library
2022-04-14 01:20:28,741 INFO (InstanceInfoFactory.java:72)- Setting initial instance status as: STARTING
2022-04-14 01:20:28,750 INFO (EurekaServiceRegistry.java:65)- Unregistering application MEDIA with eureka with status DOWN
2022-04-14 01:20:28,758 INFO (ExecutorConfigurationSupport.java:208)- Shutting down ExecutorService 'applicationTaskExecutor'
2022-04-14 01:20:29,895 INFO (AbstractEntityManagerFactoryBean.java:597)- Closing JPA EntityManagerFactory for persistence unit 'default'
2022-04-14 01:20:29,902 INFO (HikariDataSource.java:350)- HikariPool-1 - Shutdown initiated...
2022-04-14 01:20:29,914 INFO (HikariDataSource.java:352)- HikariPool-1 - Shutdown completed.
2022-04-14 01:28:11,763 INFO (SpringApplication.java:679)- The following profiles are active: test
2022-04-14 01:28:13,207 INFO (RepositoryConfigurationDelegate.java:244)- Multiple Spring Data modules found, entering strict repository configuration mode!
2022-04-14 01:28:13,211 INFO (RepositoryConfigurationDelegate.java:126)- Bootstrapping Spring Data repositories in DEFAULT mode.
2022-04-14 01:28:13,276 INFO (RepositoryConfigurationExtensionSupport.java:363)- Spring Data JPA - Could not safely identify store assignment for repository candidate interface com.tianci.media.dao.MediaSystemRepository.
2022-04-14 01:28:13,276 INFO (RepositoryConfigurationDelegate.java:182)- Finished Spring Data repository scanning in 52ms. Found 0 repository interfaces.
2022-04-14 01:28:13,315 INFO (RepositoryConfigurationDelegate.java:244)- Multiple Spring Data modules found, entering strict repository configuration mode!
2022-04-14 01:28:13,316 INFO (RepositoryConfigurationDelegate.java:126)- Bootstrapping Spring Data repositories in DEFAULT mode.
2022-04-14 01:28:13,568 INFO (RepositoryConfigurationDelegate.java:182)- Finished Spring Data repository scanning in 252ms. Found 1 repository interfaces.
2022-04-14 01:28:13,588 INFO (RepositoryConfigurationDelegate.java:244)- Multiple Spring Data modules found, entering strict repository configuration mode!
2022-04-14 01:28:13,591 INFO (RepositoryConfigurationDelegate.java:126)- Bootstrapping Spring Data repositories in DEFAULT mode.
2022-04-14 01:28:13,611 INFO (RepositoryConfigurationExtensionSupport.java:363)- Spring Data Redis - Could not safely identify store assignment for repository candidate interface com.tianci.media.dao.MediaSystemRepository.
2022-04-14 01:28:13,611 INFO (RepositoryConfigurationDelegate.java:182)- Finished Spring Data repository scanning in 6ms. Found 0 repository interfaces.
2022-04-14 01:28:14,186 INFO (GenericScope.java:295)- BeanFactory id=94df4b8b-9b8e-3886-abcf-1c2d10fedc46
2022-04-14 01:28:14,510 INFO (PostProcessorRegistrationDelegate.java:330)- Bean 'org.springframework.transaction.annotation.ProxyTransactionManagementConfiguration' of type [org.springframework.transaction.annotation.ProxyTransactionManagementConfiguration$$EnhancerBySpringCGLIB$$56a54698] is not eligible for getting processed by all BeanPostProcessors (for example: not eligible for auto-proxying)
2022-04-14 01:28:15,222 INFO (HikariDataSource.java:110)- HikariPool-1 - Starting...
2022-04-14 01:28:15,657 INFO (HikariDataSource.java:123)- HikariPool-1 - Start completed.
2022-04-14 01:28:15,794 INFO (LogHelper.java:31)- HHH000204: Processing PersistenceUnitInfo [
	name: default
	...]
2022-04-14 01:28:15,969 INFO (Version.java:46)- HHH000412: Hibernate Core {5.3.10.Final}
2022-04-14 01:28:15,972 INFO (Environment.java:213)- HHH000206: hibernate.properties not found
2022-04-14 01:28:16,270 INFO (JavaReflectionManager.java:49)- HCANN000001: Hibernate Commons Annotations {5.0.4.Final}
2022-04-14 01:28:16,537 INFO (Dialect.java:157)- HHH000400: Using dialect: org.hibernate.dialect.MySQL5Dialect
2022-04-14 01:28:16,893 INFO (AbstractEntityManagerFactoryBean.java:415)- Initialized JPA EntityManagerFactory for persistence unit 'default'
2022-04-14 01:28:22,648 INFO (SLF4JLogger.java:71)- Cluster created with settings {hosts=[10.0.0.134:27017], mode=SINGLE, requiredClusterType=UNKNOWN, serverSelectionTimeout='30000 ms', maxWaitQueueSize=500}
2022-04-14 01:28:22,777 INFO (SLF4JLogger.java:71)- Opened connection [connectionId{localValue:1, serverValue:168}] to 10.0.0.134:27017
2022-04-14 01:28:22,786 INFO (SLF4JLogger.java:71)- Monitor thread successfully connected to server with description ServerDescription{address=10.0.0.134:27017, type=STANDALONE, state=CONNECTED, ok=true, version=ServerVersion{versionList=[5, 0, 6]}, minWireVersion=0, maxWireVersion=13, maxDocumentSize=16777216, logicalSessionTimeoutMinutes=30, roundTripTimeNanos=5621226}
2022-04-14 01:28:24,826 WARN (JpaBaseConfiguration.java:237)- spring.jpa.open-in-view is enabled by default. Therefore, database queries may be performed during view rendering. Explicitly configure spring.jpa.open-in-view to disable this warning
2022-04-14 01:28:25,388 INFO (PropertySourcedRequestMappingHandlerMapping.java:69)- Mapped URL path [/v2/api-docs] onto method [public org.springframework.http.ResponseEntity<springfox.documentation.spring.web.json.Json> springfox.documentation.swagger2.web.Swagger2Controller.getDocumentation(java.lang.String,javax.servlet.http.HttpServletRequest)]
2022-04-14 01:28:26,423 WARN (URLConfigurationSource.java:121)- No URLs will be polled as dynamic configuration sources.
2022-04-14 01:28:26,424 INFO (URLConfigurationSource.java:122)- To enable URLs as dynamic configuration sources, define System property archaius.configurationSource.additionalUrls or make config.properties available on classpath.
2022-04-14 01:28:26,436 WARN (URLConfigurationSource.java:121)- No URLs will be polled as dynamic configuration sources.
2022-04-14 01:28:26,437 INFO (URLConfigurationSource.java:122)- To enable URLs as dynamic configuration sources, define System property archaius.configurationSource.additionalUrls or make config.properties available on classpath.
2022-04-14 01:28:27,192 INFO (ExecutorConfigurationSupport.java:171)- Initializing ExecutorService 'applicationTaskExecutor'
2022-04-14 01:28:28,916 INFO (DocumentationPluginsBootstrapper.java:147)- Context refreshed
2022-04-14 01:28:28,942 INFO (DocumentationPluginsBootstrapper.java:150)- Found 1 custom documentation plugin(s)
2022-04-14 01:28:29,011 INFO (ApiListingReferenceScanner.java:41)- Scanning for api listing references
2022-04-14 01:28:29,284 INFO (StartupInfoLogger.java:59)- Started RedisTest in 38.783 seconds (JVM running for 40.458)
2022-04-14 01:28:29,622 INFO (EpollProvider.java:68)- Starting without optional epoll library
2022-04-14 01:28:29,624 INFO (KqueueProvider.java:70)- Starting without optional kqueue library
2022-04-14 01:28:35,436 INFO (InstanceInfoFactory.java:72)- Setting initial instance status as: STARTING
2022-04-14 01:28:35,440 INFO (EurekaServiceRegistry.java:65)- Unregistering application MEDIA with eureka with status DOWN
2022-04-14 01:28:35,447 INFO (ExecutorConfigurationSupport.java:208)- Shutting down ExecutorService 'applicationTaskExecutor'
2022-04-14 01:28:36,598 INFO (AbstractEntityManagerFactoryBean.java:597)- Closing JPA EntityManagerFactory for persistence unit 'default'
2022-04-14 01:28:36,608 INFO (HikariDataSource.java:350)- HikariPool-1 - Shutdown initiated...
2022-04-14 01:28:36,623 INFO (HikariDataSource.java:352)- HikariPool-1 - Shutdown completed.
2022-04-14 01:30:06,582 INFO (SpringApplication.java:679)- The following profiles are active: test
2022-04-14 01:30:08,317 INFO (RepositoryConfigurationDelegate.java:244)- Multiple Spring Data modules found, entering strict repository configuration mode!
2022-04-14 01:30:08,320 INFO (RepositoryConfigurationDelegate.java:126)- Bootstrapping Spring Data repositories in DEFAULT mode.
2022-04-14 01:30:08,383 INFO (RepositoryConfigurationExtensionSupport.java:363)- Spring Data JPA - Could not safely identify store assignment for repository candidate interface com.tianci.media.dao.MediaSystemRepository.
2022-04-14 01:30:08,384 INFO (RepositoryConfigurationDelegate.java:182)- Finished Spring Data repository scanning in 54ms. Found 0 repository interfaces.
2022-04-14 01:30:08,413 INFO (RepositoryConfigurationDelegate.java:244)- Multiple Spring Data modules found, entering strict repository configuration mode!
2022-04-14 01:30:08,414 INFO (RepositoryConfigurationDelegate.java:126)- Bootstrapping Spring Data repositories in DEFAULT mode.
2022-04-14 01:30:08,686 INFO (RepositoryConfigurationDelegate.java:182)- Finished Spring Data repository scanning in 271ms. Found 1 repository interfaces.
2022-04-14 01:30:08,704 INFO (RepositoryConfigurationDelegate.java:244)- Multiple Spring Data modules found, entering strict repository configuration mode!
2022-04-14 01:30:08,706 INFO (RepositoryConfigurationDelegate.java:126)- Bootstrapping Spring Data repositories in DEFAULT mode.
2022-04-14 01:30:08,724 INFO (RepositoryConfigurationExtensionSupport.java:363)- Spring Data Redis - Could not safely identify store assignment for repository candidate interface com.tianci.media.dao.MediaSystemRepository.
2022-04-14 01:30:08,725 INFO (RepositoryConfigurationDelegate.java:182)- Finished Spring Data repository scanning in 6ms. Found 0 repository interfaces.
2022-04-14 01:30:09,350 INFO (GenericScope.java:295)- BeanFactory id=94df4b8b-9b8e-3886-abcf-1c2d10fedc46
2022-04-14 01:30:09,785 INFO (PostProcessorRegistrationDelegate.java:330)- Bean 'org.springframework.transaction.annotation.ProxyTransactionManagementConfiguration' of type [org.springframework.transaction.annotation.ProxyTransactionManagementConfiguration$$EnhancerBySpringCGLIB$$56a54698] is not eligible for getting processed by all BeanPostProcessors (for example: not eligible for auto-proxying)
2022-04-14 01:30:10,568 INFO (HikariDataSource.java:110)- HikariPool-1 - Starting...
2022-04-14 01:30:10,951 INFO (HikariDataSource.java:123)- HikariPool-1 - Start completed.
2022-04-14 01:30:11,086 INFO (LogHelper.java:31)- HHH000204: Processing PersistenceUnitInfo [
	name: default
	...]
2022-04-14 01:30:11,230 INFO (Version.java:46)- HHH000412: Hibernate Core {5.3.10.Final}
2022-04-14 01:30:11,232 INFO (Environment.java:213)- HHH000206: hibernate.properties not found
2022-04-14 01:30:12,347 INFO (JavaReflectionManager.java:49)- HCANN000001: Hibernate Commons Annotations {5.0.4.Final}
2022-04-14 01:30:12,700 INFO (Dialect.java:157)- HHH000400: Using dialect: org.hibernate.dialect.MySQL5Dialect
2022-04-14 01:30:13,107 INFO (AbstractEntityManagerFactoryBean.java:415)- Initialized JPA EntityManagerFactory for persistence unit 'default'
2022-04-14 01:30:19,022 INFO (SLF4JLogger.java:71)- Cluster created with settings {hosts=[10.0.0.134:27017], mode=SINGLE, requiredClusterType=UNKNOWN, serverSelectionTimeout='30000 ms', maxWaitQueueSize=500}
2022-04-14 01:30:19,178 INFO (SLF4JLogger.java:71)- Opened connection [connectionId{localValue:1, serverValue:169}] to 10.0.0.134:27017
2022-04-14 01:30:19,189 INFO (SLF4JLogger.java:71)- Monitor thread successfully connected to server with description ServerDescription{address=10.0.0.134:27017, type=STANDALONE, state=CONNECTED, ok=true, version=ServerVersion{versionList=[5, 0, 6]}, minWireVersion=0, maxWireVersion=13, maxDocumentSize=16777216, logicalSessionTimeoutMinutes=30, roundTripTimeNanos=5589067}
2022-04-14 01:30:21,347 WARN (JpaBaseConfiguration.java:237)- spring.jpa.open-in-view is enabled by default. Therefore, database queries may be performed during view rendering. Explicitly configure spring.jpa.open-in-view to disable this warning
2022-04-14 01:30:21,901 INFO (PropertySourcedRequestMappingHandlerMapping.java:69)- Mapped URL path [/v2/api-docs] onto method [public org.springframework.http.ResponseEntity<springfox.documentation.spring.web.json.Json> springfox.documentation.swagger2.web.Swagger2Controller.getDocumentation(java.lang.String,javax.servlet.http.HttpServletRequest)]
2022-04-14 01:30:22,884 WARN (URLConfigurationSource.java:121)- No URLs will be polled as dynamic configuration sources.
2022-04-14 01:30:22,885 INFO (URLConfigurationSource.java:122)- To enable URLs as dynamic configuration sources, define System property archaius.configurationSource.additionalUrls or make config.properties available on classpath.
2022-04-14 01:30:22,897 WARN (URLConfigurationSource.java:121)- No URLs will be polled as dynamic configuration sources.
2022-04-14 01:30:22,897 INFO (URLConfigurationSource.java:122)- To enable URLs as dynamic configuration sources, define System property archaius.configurationSource.additionalUrls or make config.properties available on classpath.
2022-04-14 01:30:23,423 INFO (ExecutorConfigurationSupport.java:171)- Initializing ExecutorService 'applicationTaskExecutor'
2022-04-14 01:30:25,072 INFO (DocumentationPluginsBootstrapper.java:147)- Context refreshed
2022-04-14 01:30:25,102 INFO (DocumentationPluginsBootstrapper.java:150)- Found 1 custom documentation plugin(s)
2022-04-14 01:30:25,169 INFO (ApiListingReferenceScanner.java:41)- Scanning for api listing references
2022-04-14 01:30:25,433 INFO (StartupInfoLogger.java:59)- Started RedisTest in 40.22 seconds (JVM running for 42.245)
2022-04-14 01:30:25,803 INFO (EpollProvider.java:68)- Starting without optional epoll library
2022-04-14 01:30:25,806 INFO (KqueueProvider.java:70)- Starting without optional kqueue library
2022-04-14 01:30:31,593 INFO (InstanceInfoFactory.java:72)- Setting initial instance status as: STARTING
2022-04-14 01:30:31,597 INFO (EurekaServiceRegistry.java:65)- Unregistering application MEDIA with eureka with status DOWN
2022-04-14 01:30:31,606 INFO (ExecutorConfigurationSupport.java:208)- Shutting down ExecutorService 'applicationTaskExecutor'
2022-04-14 01:30:32,792 INFO (AbstractEntityManagerFactoryBean.java:597)- Closing JPA EntityManagerFactory for persistence unit 'default'
2022-04-14 01:30:32,796 INFO (HikariDataSource.java:350)- HikariPool-1 - Shutdown initiated...
2022-04-14 01:30:32,809 INFO (HikariDataSource.java:352)- HikariPool-1 - Shutdown completed.
2022-04-14 01:50:15,011 INFO (SpringApplication.java:679)- The following profiles are active: test
2022-04-14 01:50:17,229 INFO (RepositoryConfigurationDelegate.java:244)- Multiple Spring Data modules found, entering strict repository configuration mode!
2022-04-14 01:50:17,236 INFO (RepositoryConfigurationDelegate.java:126)- Bootstrapping Spring Data repositories in DEFAULT mode.
2022-04-14 01:50:17,307 INFO (RepositoryConfigurationExtensionSupport.java:363)- Spring Data JPA - Could not safely identify store assignment for repository candidate interface com.tianci.media.dao.MediaSystemRepository.
2022-04-14 01:50:17,307 INFO (RepositoryConfigurationDelegate.java:182)- Finished Spring Data repository scanning in 58ms. Found 0 repository interfaces.
2022-04-14 01:50:17,390 INFO (RepositoryConfigurationDelegate.java:244)- Multiple Spring Data modules found, entering strict repository configuration mode!
2022-04-14 01:50:17,390 INFO (RepositoryConfigurationDelegate.java:126)- Bootstrapping Spring Data repositories in DEFAULT mode.
2022-04-14 01:50:17,705 INFO (RepositoryConfigurationDelegate.java:182)- Finished Spring Data repository scanning in 314ms. Found 1 repository interfaces.
2022-04-14 01:50:17,725 INFO (RepositoryConfigurationDelegate.java:244)- Multiple Spring Data modules found, entering strict repository configuration mode!
2022-04-14 01:50:17,727 INFO (RepositoryConfigurationDelegate.java:126)- Bootstrapping Spring Data repositories in DEFAULT mode.
2022-04-14 01:50:17,746 INFO (RepositoryConfigurationExtensionSupport.java:363)- Spring Data Redis - Could not safely identify store assignment for repository candidate interface com.tianci.media.dao.MediaSystemRepository.
2022-04-14 01:50:17,748 INFO (RepositoryConfigurationDelegate.java:182)- Finished Spring Data repository scanning in 8ms. Found 0 repository interfaces.
2022-04-14 01:50:18,659 INFO (GenericScope.java:295)- BeanFactory id=94df4b8b-9b8e-3886-abcf-1c2d10fedc46
2022-04-14 01:50:19,006 INFO (PostProcessorRegistrationDelegate.java:330)- Bean 'org.springframework.transaction.annotation.ProxyTransactionManagementConfiguration' of type [org.springframework.transaction.annotation.ProxyTransactionManagementConfiguration$$EnhancerBySpringCGLIB$$c895425c] is not eligible for getting processed by all BeanPostProcessors (for example: not eligible for auto-proxying)
2022-04-14 01:50:19,651 INFO (HikariDataSource.java:110)- HikariPool-1 - Starting...
2022-04-14 01:50:20,053 INFO (HikariDataSource.java:123)- HikariPool-1 - Start completed.
2022-04-14 01:50:20,323 INFO (LogHelper.java:31)- HHH000204: Processing PersistenceUnitInfo [
	name: default
	...]
2022-04-14 01:50:20,433 INFO (Version.java:46)- HHH000412: Hibernate Core {5.3.10.Final}
2022-04-14 01:50:20,436 INFO (Environment.java:213)- HHH000206: hibernate.properties not found
2022-04-14 01:50:20,698 INFO (JavaReflectionManager.java:49)- HCANN000001: Hibernate Commons Annotations {5.0.4.Final}
2022-04-14 01:50:20,939 INFO (Dialect.java:157)- HHH000400: Using dialect: org.hibernate.dialect.MySQL5Dialect
2022-04-14 01:50:21,262 INFO (AbstractEntityManagerFactoryBean.java:415)- Initialized JPA EntityManagerFactory for persistence unit 'default'
2022-04-14 01:50:27,102 INFO (SLF4JLogger.java:71)- Cluster created with settings {hosts=[10.0.0.134:27017], mode=SINGLE, requiredClusterType=UNKNOWN, serverSelectionTimeout='30000 ms', maxWaitQueueSize=500}
2022-04-14 01:50:27,290 INFO (SLF4JLogger.java:71)- Opened connection [connectionId{localValue:1, serverValue:173}] to 10.0.0.134:27017
2022-04-14 01:50:27,421 INFO (SLF4JLogger.java:71)- Monitor thread successfully connected to server with description ServerDescription{address=10.0.0.134:27017, type=STANDALONE, state=CONNECTED, ok=true, version=ServerVersion{versionList=[5, 0, 6]}, minWireVersion=0, maxWireVersion=13, maxDocumentSize=16777216, logicalSessionTimeoutMinutes=30, roundTripTimeNanos=7807287}
2022-04-14 01:50:30,380 WARN (JpaBaseConfiguration.java:237)- spring.jpa.open-in-view is enabled by default. Therefore, database queries may be performed during view rendering. Explicitly configure spring.jpa.open-in-view to disable this warning
2022-04-14 01:50:30,900 INFO (PropertySourcedRequestMappingHandlerMapping.java:69)- Mapped URL path [/v2/api-docs] onto method [public org.springframework.http.ResponseEntity<springfox.documentation.spring.web.json.Json> springfox.documentation.swagger2.web.Swagger2Controller.getDocumentation(java.lang.String,javax.servlet.http.HttpServletRequest)]
2022-04-14 01:50:31,946 WARN (URLConfigurationSource.java:121)- No URLs will be polled as dynamic configuration sources.
2022-04-14 01:50:31,946 INFO (URLConfigurationSource.java:122)- To enable URLs as dynamic configuration sources, define System property archaius.configurationSource.additionalUrls or make config.properties available on classpath.
2022-04-14 01:50:31,958 WARN (URLConfigurationSource.java:121)- No URLs will be polled as dynamic configuration sources.
2022-04-14 01:50:31,958 INFO (URLConfigurationSource.java:122)- To enable URLs as dynamic configuration sources, define System property archaius.configurationSource.additionalUrls or make config.properties available on classpath.
2022-04-14 01:50:32,685 INFO (ExecutorConfigurationSupport.java:171)- Initializing ExecutorService 'applicationTaskExecutor'
2022-04-14 01:50:36,185 INFO (DocumentationPluginsBootstrapper.java:147)- Context refreshed
2022-04-14 01:50:36,212 INFO (DocumentationPluginsBootstrapper.java:150)- Found 1 custom documentation plugin(s)
2022-04-14 01:50:36,305 INFO (ApiListingReferenceScanner.java:41)- Scanning for api listing references
2022-04-14 01:50:36,616 INFO (StartupInfoLogger.java:59)- Started RedisTest in 42.964 seconds (JVM running for 44.799)
2022-04-14 01:50:37,111 INFO (EpollProvider.java:68)- Starting without optional epoll library
2022-04-14 01:50:37,114 INFO (KqueueProvider.java:70)- Starting without optional kqueue library
2022-04-14 01:50:43,038 INFO (InstanceInfoFactory.java:72)- Setting initial instance status as: STARTING
2022-04-14 01:50:43,047 INFO (EurekaServiceRegistry.java:65)- Unregistering application MEDIA with eureka with status DOWN
2022-04-14 01:50:43,063 INFO (ExecutorConfigurationSupport.java:208)- Shutting down ExecutorService 'applicationTaskExecutor'
2022-04-14 01:50:44,226 INFO (AbstractEntityManagerFactoryBean.java:597)- Closing JPA EntityManagerFactory for persistence unit 'default'
2022-04-14 01:50:44,238 INFO (HikariDataSource.java:350)- HikariPool-1 - Shutdown initiated...
2022-04-14 01:50:44,255 INFO (HikariDataSource.java:352)- HikariPool-1 - Shutdown completed.
2022-04-14 01:53:58,531 INFO (SpringApplication.java:679)- The following profiles are active: test
2022-04-14 01:53:59,689 INFO (RepositoryConfigurationDelegate.java:244)- Multiple Spring Data modules found, entering strict repository configuration mode!
2022-04-14 01:53:59,691 INFO (RepositoryConfigurationDelegate.java:126)- Bootstrapping Spring Data repositories in DEFAULT mode.
2022-04-14 01:53:59,745 INFO (RepositoryConfigurationExtensionSupport.java:363)- Spring Data JPA - Could not safely identify store assignment for repository candidate interface com.tianci.media.dao.MediaSystemRepository.
2022-04-14 01:53:59,746 INFO (RepositoryConfigurationDelegate.java:182)- Finished Spring Data repository scanning in 43ms. Found 0 repository interfaces.
2022-04-14 01:53:59,774 INFO (RepositoryConfigurationDelegate.java:244)- Multiple Spring Data modules found, entering strict repository configuration mode!
2022-04-14 01:53:59,774 INFO (RepositoryConfigurationDelegate.java:126)- Bootstrapping Spring Data repositories in DEFAULT mode.
2022-04-14 01:54:00,032 INFO (RepositoryConfigurationDelegate.java:182)- Finished Spring Data repository scanning in 257ms. Found 1 repository interfaces.
2022-04-14 01:54:00,052 INFO (RepositoryConfigurationDelegate.java:244)- Multiple Spring Data modules found, entering strict repository configuration mode!
2022-04-14 01:54:00,055 INFO (RepositoryConfigurationDelegate.java:126)- Bootstrapping Spring Data repositories in DEFAULT mode.
2022-04-14 01:54:00,075 INFO (RepositoryConfigurationExtensionSupport.java:363)- Spring Data Redis - Could not safely identify store assignment for repository candidate interface com.tianci.media.dao.MediaSystemRepository.
2022-04-14 01:54:00,076 INFO (RepositoryConfigurationDelegate.java:182)- Finished Spring Data repository scanning in 9ms. Found 0 repository interfaces.
2022-04-14 01:54:00,686 INFO (GenericScope.java:295)- BeanFactory id=94df4b8b-9b8e-3886-abcf-1c2d10fedc46
2022-04-14 01:54:00,969 INFO (PostProcessorRegistrationDelegate.java:330)- Bean 'org.springframework.transaction.annotation.ProxyTransactionManagementConfiguration' of type [org.springframework.transaction.annotation.ProxyTransactionManagementConfiguration$$EnhancerBySpringCGLIB$$a9a57a13] is not eligible for getting processed by all BeanPostProcessors (for example: not eligible for auto-proxying)
2022-04-14 01:54:01,548 INFO (HikariDataSource.java:110)- HikariPool-1 - Starting...
2022-04-14 01:54:01,939 INFO (HikariDataSource.java:123)- HikariPool-1 - Start completed.
2022-04-14 01:54:02,060 INFO (LogHelper.java:31)- HHH000204: Processing PersistenceUnitInfo [
	name: default
	...]
2022-04-14 01:54:02,242 INFO (Version.java:46)- HHH000412: Hibernate Core {5.3.10.Final}
2022-04-14 01:54:02,245 INFO (Environment.java:213)- HHH000206: hibernate.properties not found
2022-04-14 01:54:02,604 INFO (JavaReflectionManager.java:49)- HCANN000001: Hibernate Commons Annotations {5.0.4.Final}
2022-04-14 01:54:02,826 INFO (Dialect.java:157)- HHH000400: Using dialect: org.hibernate.dialect.MySQL5Dialect
2022-04-14 01:54:03,118 INFO (AbstractEntityManagerFactoryBean.java:415)- Initialized JPA EntityManagerFactory for persistence unit 'default'
2022-04-14 01:54:08,953 INFO (SLF4JLogger.java:71)- Cluster created with settings {hosts=[10.0.0.134:27017], mode=SINGLE, requiredClusterType=UNKNOWN, serverSelectionTimeout='30000 ms', maxWaitQueueSize=500}
2022-04-14 01:54:09,163 INFO (SLF4JLogger.java:71)- Opened connection [connectionId{localValue:1, serverValue:174}] to 10.0.0.134:27017
2022-04-14 01:54:09,197 INFO (SLF4JLogger.java:71)- Monitor thread successfully connected to server with description ServerDescription{address=10.0.0.134:27017, type=STANDALONE, state=CONNECTED, ok=true, version=ServerVersion{versionList=[5, 0, 6]}, minWireVersion=0, maxWireVersion=13, maxDocumentSize=16777216, logicalSessionTimeoutMinutes=30, roundTripTimeNanos=11147235}
2022-04-14 01:54:11,546 WARN (JpaBaseConfiguration.java:237)- spring.jpa.open-in-view is enabled by default. Therefore, database queries may be performed during view rendering. Explicitly configure spring.jpa.open-in-view to disable this warning
2022-04-14 01:54:12,216 INFO (PropertySourcedRequestMappingHandlerMapping.java:69)- Mapped URL path [/v2/api-docs] onto method [public org.springframework.http.ResponseEntity<springfox.documentation.spring.web.json.Json> springfox.documentation.swagger2.web.Swagger2Controller.getDocumentation(java.lang.String,javax.servlet.http.HttpServletRequest)]
2022-04-14 01:54:13,229 WARN (URLConfigurationSource.java:121)- No URLs will be polled as dynamic configuration sources.
2022-04-14 01:54:13,230 INFO (URLConfigurationSource.java:122)- To enable URLs as dynamic configuration sources, define System property archaius.configurationSource.additionalUrls or make config.properties available on classpath.
2022-04-14 01:54:13,242 WARN (URLConfigurationSource.java:121)- No URLs will be polled as dynamic configuration sources.
2022-04-14 01:54:13,242 INFO (URLConfigurationSource.java:122)- To enable URLs as dynamic configuration sources, define System property archaius.configurationSource.additionalUrls or make config.properties available on classpath.
2022-04-14 01:54:13,868 INFO (ExecutorConfigurationSupport.java:171)- Initializing ExecutorService 'applicationTaskExecutor'
2022-04-14 01:54:15,789 INFO (DocumentationPluginsBootstrapper.java:147)- Context refreshed
2022-04-14 01:54:15,818 INFO (DocumentationPluginsBootstrapper.java:150)- Found 1 custom documentation plugin(s)
2022-04-14 01:54:15,888 INFO (ApiListingReferenceScanner.java:41)- Scanning for api listing references
2022-04-14 01:54:16,152 INFO (StartupInfoLogger.java:59)- Started RedisTest in 39.169 seconds (JVM running for 41.407)
2022-04-14 01:54:16,525 INFO (EpollProvider.java:68)- Starting without optional epoll library
2022-04-14 01:54:16,529 INFO (KqueueProvider.java:70)- Starting without optional kqueue library
2022-04-14 01:54:22,397 INFO (InstanceInfoFactory.java:72)- Setting initial instance status as: STARTING
2022-04-14 01:54:22,403 INFO (EurekaServiceRegistry.java:65)- Unregistering application MEDIA with eureka with status DOWN
2022-04-14 01:54:22,412 INFO (ExecutorConfigurationSupport.java:208)- Shutting down ExecutorService 'applicationTaskExecutor'
2022-04-14 01:54:23,548 INFO (AbstractEntityManagerFactoryBean.java:597)- Closing JPA EntityManagerFactory for persistence unit 'default'
2022-04-14 01:54:23,553 INFO (HikariDataSource.java:350)- HikariPool-1 - Shutdown initiated...
2022-04-14 01:54:23,564 INFO (HikariDataSource.java:352)- HikariPool-1 - Shutdown completed.
